<?xml version="1.0" encoding="UTF-8"?>
<testsuites name="RUN_Exede_Zip_Test" time="305.841" tests="144" failures="9" errors="0">
   <testsuite name="RUN_Exede_Zip_Test" tests="144" failures="9" errors="0" time="305.841" timestamp="2020-02-14 09:50:31" hostname="jhampleman - 172.30.158.16" id="Test Suites/RUN_Exede_Zip_Test">
      <properties>
         <property name="deviceName" value=""/>
         <property name="devicePlatform" value=""/>
         <property name="logFolder" value="/Users/jhampleman/jenkins-beam-tests-master/Reports/20200214_095028/RUN_Exede_Zip_Test/20200214_095028"/>
         <property name="logFiles" value="/Users/jhampleman/jenkins-beam-tests-master/Reports/20200214_095028/RUN_Exede_Zip_Test/20200214_095028/execution0.log"/>
         <property name="attachments" value=""/>
         <property name="hostName" value="jhampleman - 172.30.158.16"/>
         <property name="hostAddress" value="172.30.158.16"/>
         <property name="os" value="Mac OS X 64bit"/>
         <property name="katalonVersion" value="7.2.1.1"/>
      </properties>
      <testcase name="Test Cases/Test_Beams_by_Zip_to_Excel" time="4.981" classname="Test Cases/Test_Beams_by_Zip_to_Excel" status="PASSED">
         <system-out><![CDATA[2020-02-14 09:50:31 - [TEST_CASE][PASSED] - Test Cases/Test_Beams_by_Zip_to_Excel: Test Cases/Test_Beams_by_Zip_to_Excel

2020-02-14 09:50:32 - [TEST_STEP][PASSED] - excelFile01 = "beams-test-results.xlsx": null

2020-02-14 09:50:32 - [TEST_STEP][PASSED] - ExpectedListSheetFile1 = ["Sheet1"]: null

2020-02-14 09:50:32 - [TEST_STEP][PASSED] - workbookFile01 = getWorkbook(excelFile01): null

2020-02-14 09:50:33 - [TEST_STEP][PASSED] - workbook01 = getWorkbook(excelFile01): null

2020-02-14 09:50:33 - [TEST_STEP][PASSED] - sheet01 = getExcelSheet(workbook01, "Sheet1"): null

2020-02-14 09:50:33 - [TEST_STEP][PASSED] - setValueToCellByAddress(sheet01, "A1", "TEST"): null

2020-02-14 09:50:33 - [TEST_STEP][PASSED] - setValueToCellByAddress(sheet01, "B1", "BEAM"): null

2020-02-14 09:50:33 - [TEST_STEP][PASSED] - setValueToCellByAddress(sheet01, "C1", "UFF"): null

2020-02-14 09:50:33 - [TEST_STEP][PASSED] - setValueToCellByAddress(sheet01, "D1", "PLAN"): null

2020-02-14 09:50:33 - [TEST_STEP][PASSED] - setValueToCellByAddress(sheet01, "E1", "API PLAN"): null

2020-02-14 09:50:33 - [TEST_STEP][PASSED] - mybeam = mybeam: null

2020-02-14 09:50:33 - [TEST_STEP][PASSED] - myuff = myuff: null

2020-02-14 09:50:33 - [TEST_STEP][PASSED] - myplan = myplan: null

2020-02-14 09:50:33 - [TEST_STEP][PASSED] - log = new com.kms.katalon.core.logging.KeywordLogger(): null

2020-02-14 09:50:33 - [TEST_STEP][PASSED] - log.logWarning("beam " + mybeam + " zip " + myzip + " upfront fees " + myuff + " plan " + myplan): beam 65 zip 58438 upfront fees 0 plan Augmented Standard Plan

2020-02-14 09:50:33 - [MESSAGE][WARNING] - beam 65 zip 58438 upfront fees 0 plan Augmented Standard Plan

2020-02-14 09:50:33 - [TEST_STEP][PASSED] - setValueToCellByAddress(sheet01, "B" + mycount, beamFail): null

2020-02-14 09:50:33 - [TEST_STEP][PASSED] - setValueToCellByAddress(sheet01, "C" + mycount, uffFail): null

2020-02-14 09:50:33 - [TEST_STEP][PASSED] - mycount = mycount + 1: null

2020-02-14 09:50:33 - [TEST_STEP][PASSED] - setValueToCellByAddress(sheet01, "A" + mycount, "beam " + mybeam + " zip " + myzip + " upfront fees " + myuff + " plan " + myplan): null

2020-02-14 09:50:33 - [TEST_STEP][PASSED] - setValueToCellByAddress(sheet01, "D" + mycount, myplan): null

2020-02-14 09:50:33 - [TEST_STEP][PASSED] - sendRequestAndVerify(findTestObject("Exede_Zip", ["myzip":myzip])): Send request and verify the response successfully

2020-02-14 09:50:36 - [MESSAGE][INFO] - HAR: /Users/jhampleman/jenkins-beam-tests-master/Reports/20200214_095028/RUN_Exede_Zip_Test/20200214_095028/requests/main/0.har

2020-02-14 09:50:36 - [TEST_CASE][PASSED] - Start Test Case : Verification: Verification accomplished successfully

2020-02-14 09:50:36 - [TEST_STEP][PASSED] - request = getInstance().getCurrentRequest(): null

2020-02-14 09:50:36 - [TEST_STEP][PASSED] - response = getInstance().getCurrentResponse(): null

2020-02-14 09:50:36 - [TEST_STEP][PASSED] - if (!(verifyElementPropertyValue(response, "data.beam", mybeam))): Verify element property value successfully

2020-02-14 09:50:36 - [MESSAGE][PASSED] - Verify element property value successfully

2020-02-14 09:50:36 - [TEST_STEP][PASSED] - else: null

2020-02-14 09:50:36 - [TEST_STEP][PASSED] - beamFail = "P": null

2020-02-14 09:50:36 - [TEST_STEP][PASSED] - if (!(verifyElementPropertyValue(response, "data.product.down", myuff))): Verify element property value successfully

2020-02-14 09:50:36 - [MESSAGE][PASSED] - Verify element property value successfully

2020-02-14 09:50:36 - [TEST_STEP][PASSED] - else: null

2020-02-14 09:50:36 - [TEST_STEP][PASSED] - uffFail = "P": null

2020-02-14 09:50:36 - [TEST_STEP][PASSED] - jsonSlurper = new groovy.json.JsonSlurper(): null

2020-02-14 09:50:36 - [TEST_STEP][PASSED] - object = jsonSlurper.parseText(response.getResponseText()): null

2020-02-14 09:50:36 - [TEST_STEP][PASSED] - println(object): null

2020-02-14 09:50:36 - [TEST_STEP][PASSED] - mytest = plans: null

2020-02-14 09:50:36 - [TEST_STEP][PASSED] - variable = mytest: null

2020-02-14 09:50:36 - [MESSAGE][PASSED] - Verify response successfully

2020-02-14 09:50:36 - [MESSAGE][PASSED] - Send request and verify the response successfully

2020-02-14 09:50:36 - [TEST_STEP][PASSED] - setValueToCellByAddress(sheet01, "E" + mycount, variable): null

2020-02-14 09:50:36 - [TEST_STEP][PASSED] - saveWorkbook(excelFile01, workbook01): null]]></system-out>
         <system-err><![CDATA[]]></system-err>
      </testcase>
      <testcase name="Test Cases/Test_Beams_by_Zip_to_Excel" time="2.111" classname="Test Cases/Test_Beams_by_Zip_to_Excel" status="PASSED">
         <system-out><![CDATA[2020-02-14 09:50:36 - [TEST_CASE][PASSED] - Test Cases/Test_Beams_by_Zip_to_Excel: Test Cases/Test_Beams_by_Zip_to_Excel

2020-02-14 09:50:37 - [TEST_STEP][PASSED] - excelFile01 = "beams-test-results.xlsx": null

2020-02-14 09:50:37 - [TEST_STEP][PASSED] - ExpectedListSheetFile1 = ["Sheet1"]: null

2020-02-14 09:50:37 - [TEST_STEP][PASSED] - workbookFile01 = getWorkbook(excelFile01): null

2020-02-14 09:50:37 - [TEST_STEP][PASSED] - workbook01 = getWorkbook(excelFile01): null

2020-02-14 09:50:37 - [TEST_STEP][PASSED] - sheet01 = getExcelSheet(workbook01, "Sheet1"): null

2020-02-14 09:50:37 - [TEST_STEP][PASSED] - setValueToCellByAddress(sheet01, "A1", "TEST"): null

2020-02-14 09:50:37 - [TEST_STEP][PASSED] - setValueToCellByAddress(sheet01, "B1", "BEAM"): null

2020-02-14 09:50:37 - [TEST_STEP][PASSED] - setValueToCellByAddress(sheet01, "C1", "UFF"): null

2020-02-14 09:50:37 - [TEST_STEP][PASSED] - setValueToCellByAddress(sheet01, "D1", "PLAN"): null

2020-02-14 09:50:37 - [TEST_STEP][PASSED] - setValueToCellByAddress(sheet01, "E1", "API PLAN"): null

2020-02-14 09:50:37 - [TEST_STEP][PASSED] - mybeam = mybeam: null

2020-02-14 09:50:37 - [TEST_STEP][PASSED] - myuff = myuff: null

2020-02-14 09:50:37 - [TEST_STEP][PASSED] - myplan = myplan: null

2020-02-14 09:50:37 - [TEST_STEP][PASSED] - log = new com.kms.katalon.core.logging.KeywordLogger(): null

2020-02-14 09:50:37 - [TEST_STEP][PASSED] - log.logWarning("beam " + mybeam + " zip " + myzip + " upfront fees " + myuff + " plan " + myplan): beam 65 zip 56740 upfront fees 0 plan Augmented Standard Plan

2020-02-14 09:50:37 - [MESSAGE][WARNING] - beam 65 zip 56740 upfront fees 0 plan Augmented Standard Plan

2020-02-14 09:50:37 - [TEST_STEP][PASSED] - setValueToCellByAddress(sheet01, "B" + mycount, beamFail): null

2020-02-14 09:50:37 - [TEST_STEP][PASSED] - setValueToCellByAddress(sheet01, "C" + mycount, uffFail): null

2020-02-14 09:50:37 - [TEST_STEP][PASSED] - mycount = mycount + 1: null

2020-02-14 09:50:37 - [TEST_STEP][PASSED] - setValueToCellByAddress(sheet01, "A" + mycount, "beam " + mybeam + " zip " + myzip + " upfront fees " + myuff + " plan " + myplan): null

2020-02-14 09:50:37 - [TEST_STEP][PASSED] - setValueToCellByAddress(sheet01, "D" + mycount, myplan): null

2020-02-14 09:50:37 - [TEST_STEP][PASSED] - sendRequestAndVerify(findTestObject("Exede_Zip", ["myzip":myzip])): Send request and verify the response successfully

2020-02-14 09:50:38 - [MESSAGE][INFO] - HAR: /Users/jhampleman/jenkins-beam-tests-master/Reports/20200214_095028/RUN_Exede_Zip_Test/20200214_095028/requests/main/1.har

2020-02-14 09:50:38 - [TEST_CASE][PASSED] - Start Test Case : Verification: Verification accomplished successfully

2020-02-14 09:50:38 - [TEST_STEP][PASSED] - request = getInstance().getCurrentRequest(): null

2020-02-14 09:50:38 - [TEST_STEP][PASSED] - response = getInstance().getCurrentResponse(): null

2020-02-14 09:50:38 - [TEST_STEP][PASSED] - if (!(verifyElementPropertyValue(response, "data.beam", mybeam))): Verify element property value successfully

2020-02-14 09:50:39 - [MESSAGE][PASSED] - Verify element property value successfully

2020-02-14 09:50:39 - [TEST_STEP][PASSED] - else: null

2020-02-14 09:50:39 - [TEST_STEP][PASSED] - beamFail = "P": null

2020-02-14 09:50:39 - [TEST_STEP][PASSED] - if (!(verifyElementPropertyValue(response, "data.product.down", myuff))): Verify element property value successfully

2020-02-14 09:50:39 - [MESSAGE][PASSED] - Verify element property value successfully

2020-02-14 09:50:39 - [TEST_STEP][PASSED] - else: null

2020-02-14 09:50:39 - [TEST_STEP][PASSED] - uffFail = "P": null

2020-02-14 09:50:39 - [TEST_STEP][PASSED] - jsonSlurper = new groovy.json.JsonSlurper(): null

2020-02-14 09:50:39 - [TEST_STEP][PASSED] - object = jsonSlurper.parseText(response.getResponseText()): null

2020-02-14 09:50:39 - [TEST_STEP][PASSED] - println(object): null

2020-02-14 09:50:39 - [TEST_STEP][PASSED] - mytest = plans: null

2020-02-14 09:50:39 - [TEST_STEP][PASSED] - variable = mytest: null

2020-02-14 09:50:39 - [MESSAGE][PASSED] - Verify response successfully

2020-02-14 09:50:39 - [MESSAGE][PASSED] - Send request and verify the response successfully

2020-02-14 09:50:39 - [TEST_STEP][PASSED] - setValueToCellByAddress(sheet01, "E" + mycount, variable): null

2020-02-14 09:50:39 - [TEST_STEP][PASSED] - saveWorkbook(excelFile01, workbook01): null]]></system-out>
         <system-err><![CDATA[]]></system-err>
      </testcase>
      <testcase name="Test Cases/Test_Beams_by_Zip_to_Excel" time="2.21" classname="Test Cases/Test_Beams_by_Zip_to_Excel" status="PASSED">
         <system-out><![CDATA[2020-02-14 09:50:39 - [TEST_CASE][PASSED] - Test Cases/Test_Beams_by_Zip_to_Excel: Test Cases/Test_Beams_by_Zip_to_Excel

2020-02-14 09:50:39 - [TEST_STEP][PASSED] - excelFile01 = "beams-test-results.xlsx": null

2020-02-14 09:50:39 - [TEST_STEP][PASSED] - ExpectedListSheetFile1 = ["Sheet1"]: null

2020-02-14 09:50:39 - [TEST_STEP][PASSED] - workbookFile01 = getWorkbook(excelFile01): null

2020-02-14 09:50:39 - [TEST_STEP][PASSED] - workbook01 = getWorkbook(excelFile01): null

2020-02-14 09:50:39 - [TEST_STEP][PASSED] - sheet01 = getExcelSheet(workbook01, "Sheet1"): null

2020-02-14 09:50:39 - [TEST_STEP][PASSED] - setValueToCellByAddress(sheet01, "A1", "TEST"): null

2020-02-14 09:50:39 - [TEST_STEP][PASSED] - setValueToCellByAddress(sheet01, "B1", "BEAM"): null

2020-02-14 09:50:39 - [TEST_STEP][PASSED] - setValueToCellByAddress(sheet01, "C1", "UFF"): null

2020-02-14 09:50:39 - [TEST_STEP][PASSED] - setValueToCellByAddress(sheet01, "D1", "PLAN"): null

2020-02-14 09:50:39 - [TEST_STEP][PASSED] - setValueToCellByAddress(sheet01, "E1", "API PLAN"): null

2020-02-14 09:50:39 - [TEST_STEP][PASSED] - mybeam = mybeam: null

2020-02-14 09:50:39 - [TEST_STEP][PASSED] - myuff = myuff: null

2020-02-14 09:50:39 - [TEST_STEP][PASSED] - myplan = myplan: null

2020-02-14 09:50:39 - [TEST_STEP][PASSED] - log = new com.kms.katalon.core.logging.KeywordLogger(): null

2020-02-14 09:50:39 - [TEST_STEP][PASSED] - log.logWarning("beam " + mybeam + " zip " + myzip + " upfront fees " + myuff + " plan " + myplan): beam 67 zip 49916 upfront fees 0 plan Augmented Standard Plan

2020-02-14 09:50:39 - [MESSAGE][WARNING] - beam 67 zip 49916 upfront fees 0 plan Augmented Standard Plan

2020-02-14 09:50:39 - [TEST_STEP][PASSED] - setValueToCellByAddress(sheet01, "B" + mycount, beamFail): null

2020-02-14 09:50:39 - [TEST_STEP][PASSED] - setValueToCellByAddress(sheet01, "C" + mycount, uffFail): null

2020-02-14 09:50:39 - [TEST_STEP][PASSED] - mycount = mycount + 1: null

2020-02-14 09:50:39 - [TEST_STEP][PASSED] - setValueToCellByAddress(sheet01, "A" + mycount, "beam " + mybeam + " zip " + myzip + " upfront fees " + myuff + " plan " + myplan): null

2020-02-14 09:50:39 - [TEST_STEP][PASSED] - setValueToCellByAddress(sheet01, "D" + mycount, myplan): null

2020-02-14 09:50:39 - [TEST_STEP][PASSED] - sendRequestAndVerify(findTestObject("Exede_Zip", ["myzip":myzip])): Send request and verify the response successfully

2020-02-14 09:50:41 - [MESSAGE][INFO] - HAR: /Users/jhampleman/jenkins-beam-tests-master/Reports/20200214_095028/RUN_Exede_Zip_Test/20200214_095028/requests/main/2.har

2020-02-14 09:50:41 - [TEST_CASE][PASSED] - Start Test Case : Verification: Verification accomplished successfully

2020-02-14 09:50:41 - [TEST_STEP][PASSED] - request = getInstance().getCurrentRequest(): null

2020-02-14 09:50:41 - [TEST_STEP][PASSED] - response = getInstance().getCurrentResponse(): null

2020-02-14 09:50:41 - [TEST_STEP][PASSED] - if (!(verifyElementPropertyValue(response, "data.beam", mybeam))): Verify element property value successfully

2020-02-14 09:50:41 - [MESSAGE][PASSED] - Verify element property value successfully

2020-02-14 09:50:41 - [TEST_STEP][PASSED] - else: null

2020-02-14 09:50:41 - [TEST_STEP][PASSED] - beamFail = "P": null

2020-02-14 09:50:41 - [TEST_STEP][PASSED] - if (!(verifyElementPropertyValue(response, "data.product.down", myuff))): Verify element property value successfully

2020-02-14 09:50:41 - [MESSAGE][PASSED] - Verify element property value successfully

2020-02-14 09:50:41 - [TEST_STEP][PASSED] - else: null

2020-02-14 09:50:41 - [TEST_STEP][PASSED] - uffFail = "P": null

2020-02-14 09:50:41 - [TEST_STEP][PASSED] - jsonSlurper = new groovy.json.JsonSlurper(): null

2020-02-14 09:50:41 - [TEST_STEP][PASSED] - object = jsonSlurper.parseText(response.getResponseText()): null

2020-02-14 09:50:41 - [TEST_STEP][PASSED] - println(object): null

2020-02-14 09:50:41 - [TEST_STEP][PASSED] - mytest = plans: null

2020-02-14 09:50:41 - [TEST_STEP][PASSED] - variable = mytest: null

2020-02-14 09:50:41 - [MESSAGE][PASSED] - Verify response successfully

2020-02-14 09:50:41 - [MESSAGE][PASSED] - Send request and verify the response successfully

2020-02-14 09:50:41 - [TEST_STEP][PASSED] - setValueToCellByAddress(sheet01, "E" + mycount, variable): null

2020-02-14 09:50:41 - [TEST_STEP][PASSED] - saveWorkbook(excelFile01, workbook01): null]]></system-out>
         <system-err><![CDATA[]]></system-err>
      </testcase>
      <testcase name="Test Cases/Test_Beams_by_Zip_to_Excel" time="3.012" classname="Test Cases/Test_Beams_by_Zip_to_Excel" status="PASSED">
         <system-out><![CDATA[2020-02-14 09:50:41 - [TEST_CASE][PASSED] - Test Cases/Test_Beams_by_Zip_to_Excel: Test Cases/Test_Beams_by_Zip_to_Excel

2020-02-14 09:50:41 - [TEST_STEP][PASSED] - excelFile01 = "beams-test-results.xlsx": null

2020-02-14 09:50:41 - [TEST_STEP][PASSED] - ExpectedListSheetFile1 = ["Sheet1"]: null

2020-02-14 09:50:41 - [TEST_STEP][PASSED] - workbookFile01 = getWorkbook(excelFile01): null

2020-02-14 09:50:41 - [TEST_STEP][PASSED] - workbook01 = getWorkbook(excelFile01): null

2020-02-14 09:50:41 - [TEST_STEP][PASSED] - sheet01 = getExcelSheet(workbook01, "Sheet1"): null

2020-02-14 09:50:41 - [TEST_STEP][PASSED] - setValueToCellByAddress(sheet01, "A1", "TEST"): null

2020-02-14 09:50:41 - [TEST_STEP][PASSED] - setValueToCellByAddress(sheet01, "B1", "BEAM"): null

2020-02-14 09:50:41 - [TEST_STEP][PASSED] - setValueToCellByAddress(sheet01, "C1", "UFF"): null

2020-02-14 09:50:41 - [TEST_STEP][PASSED] - setValueToCellByAddress(sheet01, "D1", "PLAN"): null

2020-02-14 09:50:41 - [TEST_STEP][PASSED] - setValueToCellByAddress(sheet01, "E1", "API PLAN"): null

2020-02-14 09:50:41 - [TEST_STEP][PASSED] - mybeam = mybeam: null

2020-02-14 09:50:41 - [TEST_STEP][PASSED] - myuff = myuff: null

2020-02-14 09:50:41 - [TEST_STEP][PASSED] - myplan = myplan: null

2020-02-14 09:50:41 - [TEST_STEP][PASSED] - log = new com.kms.katalon.core.logging.KeywordLogger(): null

2020-02-14 09:50:41 - [TEST_STEP][PASSED] - log.logWarning("beam " + mybeam + " zip " + myzip + " upfront fees " + myuff + " plan " + myplan): beam 79 zip 04763 upfront fees 0 plan Augmented Standard Plan

2020-02-14 09:50:41 - [MESSAGE][WARNING] - beam 79 zip 04763 upfront fees 0 plan Augmented Standard Plan

2020-02-14 09:50:41 - [TEST_STEP][PASSED] - setValueToCellByAddress(sheet01, "B" + mycount, beamFail): null

2020-02-14 09:50:41 - [TEST_STEP][PASSED] - setValueToCellByAddress(sheet01, "C" + mycount, uffFail): null

2020-02-14 09:50:41 - [TEST_STEP][PASSED] - mycount = mycount + 1: null

2020-02-14 09:50:41 - [TEST_STEP][PASSED] - setValueToCellByAddress(sheet01, "A" + mycount, "beam " + mybeam + " zip " + myzip + " upfront fees " + myuff + " plan " + myplan): null

2020-02-14 09:50:41 - [TEST_STEP][PASSED] - setValueToCellByAddress(sheet01, "D" + mycount, myplan): null

2020-02-14 09:50:41 - [TEST_STEP][PASSED] - sendRequestAndVerify(findTestObject("Exede_Zip", ["myzip":myzip])): Send request and verify the response successfully

2020-02-14 09:50:44 - [MESSAGE][INFO] - HAR: /Users/jhampleman/jenkins-beam-tests-master/Reports/20200214_095028/RUN_Exede_Zip_Test/20200214_095028/requests/main/3.har

2020-02-14 09:50:44 - [TEST_CASE][PASSED] - Start Test Case : Verification: Verification accomplished successfully

2020-02-14 09:50:44 - [TEST_STEP][PASSED] - request = getInstance().getCurrentRequest(): null

2020-02-14 09:50:44 - [TEST_STEP][PASSED] - response = getInstance().getCurrentResponse(): null

2020-02-14 09:50:44 - [TEST_STEP][PASSED] - if (!(verifyElementPropertyValue(response, "data.beam", mybeam))): Verify element property value successfully

2020-02-14 09:50:44 - [MESSAGE][PASSED] - Verify element property value successfully

2020-02-14 09:50:44 - [TEST_STEP][PASSED] - else: null

2020-02-14 09:50:44 - [TEST_STEP][PASSED] - beamFail = "P": null

2020-02-14 09:50:44 - [TEST_STEP][PASSED] - if (!(verifyElementPropertyValue(response, "data.product.down", myuff))): Verify element property value successfully

2020-02-14 09:50:44 - [MESSAGE][PASSED] - Verify element property value successfully

2020-02-14 09:50:44 - [TEST_STEP][PASSED] - else: null

2020-02-14 09:50:44 - [TEST_STEP][PASSED] - uffFail = "P": null

2020-02-14 09:50:44 - [TEST_STEP][PASSED] - jsonSlurper = new groovy.json.JsonSlurper(): null

2020-02-14 09:50:44 - [TEST_STEP][PASSED] - object = jsonSlurper.parseText(response.getResponseText()): null

2020-02-14 09:50:44 - [TEST_STEP][PASSED] - println(object): null

2020-02-14 09:50:44 - [TEST_STEP][PASSED] - mytest = plans: null

2020-02-14 09:50:44 - [TEST_STEP][PASSED] - variable = mytest: null

2020-02-14 09:50:44 - [MESSAGE][PASSED] - Verify response successfully

2020-02-14 09:50:44 - [MESSAGE][PASSED] - Send request and verify the response successfully

2020-02-14 09:50:44 - [TEST_STEP][PASSED] - setValueToCellByAddress(sheet01, "E" + mycount, variable): null

2020-02-14 09:50:44 - [TEST_STEP][PASSED] - saveWorkbook(excelFile01, workbook01): null]]></system-out>
         <system-err><![CDATA[]]></system-err>
      </testcase>
      <testcase name="Test Cases/Test_Beams_by_Zip_to_Excel" time="3.077" classname="Test Cases/Test_Beams_by_Zip_to_Excel" status="PASSED">
         <system-out><![CDATA[2020-02-14 09:50:44 - [TEST_CASE][PASSED] - Test Cases/Test_Beams_by_Zip_to_Excel: Test Cases/Test_Beams_by_Zip_to_Excel

2020-02-14 09:50:44 - [TEST_STEP][PASSED] - excelFile01 = "beams-test-results.xlsx": null

2020-02-14 09:50:44 - [TEST_STEP][PASSED] - ExpectedListSheetFile1 = ["Sheet1"]: null

2020-02-14 09:50:44 - [TEST_STEP][PASSED] - workbookFile01 = getWorkbook(excelFile01): null

2020-02-14 09:50:44 - [TEST_STEP][PASSED] - workbook01 = getWorkbook(excelFile01): null

2020-02-14 09:50:44 - [TEST_STEP][PASSED] - sheet01 = getExcelSheet(workbook01, "Sheet1"): null

2020-02-14 09:50:44 - [TEST_STEP][PASSED] - setValueToCellByAddress(sheet01, "A1", "TEST"): null

2020-02-14 09:50:44 - [TEST_STEP][PASSED] - setValueToCellByAddress(sheet01, "B1", "BEAM"): null

2020-02-14 09:50:44 - [TEST_STEP][PASSED] - setValueToCellByAddress(sheet01, "C1", "UFF"): null

2020-02-14 09:50:44 - [TEST_STEP][PASSED] - setValueToCellByAddress(sheet01, "D1", "PLAN"): null

2020-02-14 09:50:44 - [TEST_STEP][PASSED] - setValueToCellByAddress(sheet01, "E1", "API PLAN"): null

2020-02-14 09:50:44 - [TEST_STEP][PASSED] - mybeam = mybeam: null

2020-02-14 09:50:44 - [TEST_STEP][PASSED] - myuff = myuff: null

2020-02-14 09:50:44 - [TEST_STEP][PASSED] - myplan = myplan: null

2020-02-14 09:50:44 - [TEST_STEP][PASSED] - log = new com.kms.katalon.core.logging.KeywordLogger(): null

2020-02-14 09:50:44 - [TEST_STEP][PASSED] - log.logWarning("beam " + mybeam + " zip " + myzip + " upfront fees " + myuff + " plan " + myplan): beam 95 zip 33040 upfront fees 0 plan Augmented Standard Plan

2020-02-14 09:50:44 - [MESSAGE][WARNING] - beam 95 zip 33040 upfront fees 0 plan Augmented Standard Plan

2020-02-14 09:50:44 - [TEST_STEP][PASSED] - setValueToCellByAddress(sheet01, "B" + mycount, beamFail): null

2020-02-14 09:50:44 - [TEST_STEP][PASSED] - setValueToCellByAddress(sheet01, "C" + mycount, uffFail): null

2020-02-14 09:50:44 - [TEST_STEP][PASSED] - mycount = mycount + 1: null

2020-02-14 09:50:44 - [TEST_STEP][PASSED] - setValueToCellByAddress(sheet01, "A" + mycount, "beam " + mybeam + " zip " + myzip + " upfront fees " + myuff + " plan " + myplan): null

2020-02-14 09:50:44 - [TEST_STEP][PASSED] - setValueToCellByAddress(sheet01, "D" + mycount, myplan): null

2020-02-14 09:50:44 - [TEST_STEP][PASSED] - sendRequestAndVerify(findTestObject("Exede_Zip", ["myzip":myzip])): Send request and verify the response successfully

2020-02-14 09:50:47 - [MESSAGE][INFO] - HAR: /Users/jhampleman/jenkins-beam-tests-master/Reports/20200214_095028/RUN_Exede_Zip_Test/20200214_095028/requests/main/4.har

2020-02-14 09:50:47 - [TEST_CASE][PASSED] - Start Test Case : Verification: Verification accomplished successfully

2020-02-14 09:50:47 - [TEST_STEP][PASSED] - request = getInstance().getCurrentRequest(): null

2020-02-14 09:50:47 - [TEST_STEP][PASSED] - response = getInstance().getCurrentResponse(): null

2020-02-14 09:50:47 - [TEST_STEP][PASSED] - if (!(verifyElementPropertyValue(response, "data.beam", mybeam))): Verify element property value successfully

2020-02-14 09:50:47 - [MESSAGE][PASSED] - Verify element property value successfully

2020-02-14 09:50:47 - [TEST_STEP][PASSED] - else: null

2020-02-14 09:50:47 - [TEST_STEP][PASSED] - beamFail = "P": null

2020-02-14 09:50:47 - [TEST_STEP][PASSED] - if (!(verifyElementPropertyValue(response, "data.product.down", myuff))): Verify element property value successfully

2020-02-14 09:50:47 - [MESSAGE][PASSED] - Verify element property value successfully

2020-02-14 09:50:47 - [TEST_STEP][PASSED] - else: null

2020-02-14 09:50:47 - [TEST_STEP][PASSED] - uffFail = "P": null

2020-02-14 09:50:47 - [TEST_STEP][PASSED] - jsonSlurper = new groovy.json.JsonSlurper(): null

2020-02-14 09:50:47 - [TEST_STEP][PASSED] - object = jsonSlurper.parseText(response.getResponseText()): null

2020-02-14 09:50:47 - [TEST_STEP][PASSED] - println(object): null

2020-02-14 09:50:47 - [TEST_STEP][PASSED] - mytest = plans: null

2020-02-14 09:50:47 - [TEST_STEP][PASSED] - variable = mytest: null

2020-02-14 09:50:47 - [MESSAGE][PASSED] - Verify response successfully

2020-02-14 09:50:47 - [MESSAGE][PASSED] - Send request and verify the response successfully

2020-02-14 09:50:47 - [TEST_STEP][PASSED] - setValueToCellByAddress(sheet01, "E" + mycount, variable): null

2020-02-14 09:50:47 - [TEST_STEP][PASSED] - saveWorkbook(excelFile01, workbook01): null]]></system-out>
         <system-err><![CDATA[]]></system-err>
      </testcase>
      <testcase name="Test Cases/Test_Beams_by_Zip_to_Excel" time="2.167" classname="Test Cases/Test_Beams_by_Zip_to_Excel" status="PASSED">
         <system-out><![CDATA[2020-02-14 09:50:47 - [TEST_CASE][PASSED] - Test Cases/Test_Beams_by_Zip_to_Excel: Test Cases/Test_Beams_by_Zip_to_Excel

2020-02-14 09:50:47 - [TEST_STEP][PASSED] - excelFile01 = "beams-test-results.xlsx": null

2020-02-14 09:50:47 - [TEST_STEP][PASSED] - ExpectedListSheetFile1 = ["Sheet1"]: null

2020-02-14 09:50:47 - [TEST_STEP][PASSED] - workbookFile01 = getWorkbook(excelFile01): null

2020-02-14 09:50:47 - [TEST_STEP][PASSED] - workbook01 = getWorkbook(excelFile01): null

2020-02-14 09:50:47 - [TEST_STEP][PASSED] - sheet01 = getExcelSheet(workbook01, "Sheet1"): null

2020-02-14 09:50:47 - [TEST_STEP][PASSED] - setValueToCellByAddress(sheet01, "A1", "TEST"): null

2020-02-14 09:50:47 - [TEST_STEP][PASSED] - setValueToCellByAddress(sheet01, "B1", "BEAM"): null

2020-02-14 09:50:47 - [TEST_STEP][PASSED] - setValueToCellByAddress(sheet01, "C1", "UFF"): null

2020-02-14 09:50:47 - [TEST_STEP][PASSED] - setValueToCellByAddress(sheet01, "D1", "PLAN"): null

2020-02-14 09:50:47 - [TEST_STEP][PASSED] - setValueToCellByAddress(sheet01, "E1", "API PLAN"): null

2020-02-14 09:50:47 - [TEST_STEP][PASSED] - mybeam = mybeam: null

2020-02-14 09:50:47 - [TEST_STEP][PASSED] - myuff = myuff: null

2020-02-14 09:50:47 - [TEST_STEP][PASSED] - myplan = myplan: null

2020-02-14 09:50:47 - [TEST_STEP][PASSED] - log = new com.kms.katalon.core.logging.KeywordLogger(): null

2020-02-14 09:50:47 - [TEST_STEP][PASSED] - log.logWarning("beam " + mybeam + " zip " + myzip + " upfront fees " + myuff + " plan " + myplan): beam 301 zip 55806 upfront fees 0 plan VS2 Standard Offer

2020-02-14 09:50:47 - [MESSAGE][WARNING] - beam 301 zip 55806 upfront fees 0 plan VS2 Standard Offer

2020-02-14 09:50:47 - [TEST_STEP][PASSED] - setValueToCellByAddress(sheet01, "B" + mycount, beamFail): null

2020-02-14 09:50:47 - [TEST_STEP][PASSED] - setValueToCellByAddress(sheet01, "C" + mycount, uffFail): null

2020-02-14 09:50:47 - [TEST_STEP][PASSED] - mycount = mycount + 1: null

2020-02-14 09:50:47 - [TEST_STEP][PASSED] - setValueToCellByAddress(sheet01, "A" + mycount, "beam " + mybeam + " zip " + myzip + " upfront fees " + myuff + " plan " + myplan): null

2020-02-14 09:50:47 - [TEST_STEP][PASSED] - setValueToCellByAddress(sheet01, "D" + mycount, myplan): null

2020-02-14 09:50:47 - [TEST_STEP][PASSED] - sendRequestAndVerify(findTestObject("Exede_Zip", ["myzip":myzip])): Send request and verify the response successfully

2020-02-14 09:50:49 - [MESSAGE][INFO] - HAR: /Users/jhampleman/jenkins-beam-tests-master/Reports/20200214_095028/RUN_Exede_Zip_Test/20200214_095028/requests/main/5.har

2020-02-14 09:50:49 - [TEST_CASE][PASSED] - Start Test Case : Verification: Verification accomplished successfully

2020-02-14 09:50:49 - [TEST_STEP][PASSED] - request = getInstance().getCurrentRequest(): null

2020-02-14 09:50:49 - [TEST_STEP][PASSED] - response = getInstance().getCurrentResponse(): null

2020-02-14 09:50:49 - [TEST_STEP][PASSED] - if (!(verifyElementPropertyValue(response, "data.beam", mybeam))): Verify element property value successfully

2020-02-14 09:50:49 - [MESSAGE][PASSED] - Verify element property value successfully

2020-02-14 09:50:49 - [TEST_STEP][PASSED] - else: null

2020-02-14 09:50:49 - [TEST_STEP][PASSED] - beamFail = "P": null

2020-02-14 09:50:49 - [TEST_STEP][PASSED] - if (!(verifyElementPropertyValue(response, "data.product.down", myuff))): Verify element property value successfully

2020-02-14 09:50:49 - [MESSAGE][PASSED] - Verify element property value successfully

2020-02-14 09:50:49 - [TEST_STEP][PASSED] - else: null

2020-02-14 09:50:49 - [TEST_STEP][PASSED] - uffFail = "P": null

2020-02-14 09:50:49 - [TEST_STEP][PASSED] - jsonSlurper = new groovy.json.JsonSlurper(): null

2020-02-14 09:50:49 - [TEST_STEP][PASSED] - object = jsonSlurper.parseText(response.getResponseText()): null

2020-02-14 09:50:49 - [TEST_STEP][PASSED] - println(object): null

2020-02-14 09:50:49 - [TEST_STEP][PASSED] - mytest = plans: null

2020-02-14 09:50:49 - [TEST_STEP][PASSED] - variable = mytest: null

2020-02-14 09:50:49 - [MESSAGE][PASSED] - Verify response successfully

2020-02-14 09:50:49 - [MESSAGE][PASSED] - Send request and verify the response successfully

2020-02-14 09:50:49 - [TEST_STEP][PASSED] - setValueToCellByAddress(sheet01, "E" + mycount, variable): null

2020-02-14 09:50:49 - [TEST_STEP][PASSED] - saveWorkbook(excelFile01, workbook01): null]]></system-out>
         <system-err><![CDATA[]]></system-err>
      </testcase>
      <testcase name="Test Cases/Test_Beams_by_Zip_to_Excel" time="1.961" classname="Test Cases/Test_Beams_by_Zip_to_Excel" status="PASSED">
         <system-out><![CDATA[2020-02-14 09:50:49 - [TEST_CASE][PASSED] - Test Cases/Test_Beams_by_Zip_to_Excel: Test Cases/Test_Beams_by_Zip_to_Excel

2020-02-14 09:50:49 - [TEST_STEP][PASSED] - excelFile01 = "beams-test-results.xlsx": null

2020-02-14 09:50:49 - [TEST_STEP][PASSED] - ExpectedListSheetFile1 = ["Sheet1"]: null

2020-02-14 09:50:49 - [TEST_STEP][PASSED] - workbookFile01 = getWorkbook(excelFile01): null

2020-02-14 09:50:49 - [TEST_STEP][PASSED] - workbook01 = getWorkbook(excelFile01): null

2020-02-14 09:50:49 - [TEST_STEP][PASSED] - sheet01 = getExcelSheet(workbook01, "Sheet1"): null

2020-02-14 09:50:49 - [TEST_STEP][PASSED] - setValueToCellByAddress(sheet01, "A1", "TEST"): null

2020-02-14 09:50:49 - [TEST_STEP][PASSED] - setValueToCellByAddress(sheet01, "B1", "BEAM"): null

2020-02-14 09:50:49 - [TEST_STEP][PASSED] - setValueToCellByAddress(sheet01, "C1", "UFF"): null

2020-02-14 09:50:49 - [TEST_STEP][PASSED] - setValueToCellByAddress(sheet01, "D1", "PLAN"): null

2020-02-14 09:50:49 - [TEST_STEP][PASSED] - setValueToCellByAddress(sheet01, "E1", "API PLAN"): null

2020-02-14 09:50:49 - [TEST_STEP][PASSED] - mybeam = mybeam: null

2020-02-14 09:50:49 - [TEST_STEP][PASSED] - myuff = myuff: null

2020-02-14 09:50:49 - [TEST_STEP][PASSED] - myplan = myplan: null

2020-02-14 09:50:49 - [TEST_STEP][PASSED] - log = new com.kms.katalon.core.logging.KeywordLogger(): null

2020-02-14 09:50:49 - [TEST_STEP][PASSED] - log.logWarning("beam " + mybeam + " zip " + myzip + " upfront fees " + myuff + " plan " + myplan): beam 302 zip 56440 upfront fees 0 plan VS2 Standard Offer

2020-02-14 09:50:49 - [MESSAGE][WARNING] - beam 302 zip 56440 upfront fees 0 plan VS2 Standard Offer

2020-02-14 09:50:49 - [TEST_STEP][PASSED] - setValueToCellByAddress(sheet01, "B" + mycount, beamFail): null

2020-02-14 09:50:49 - [TEST_STEP][PASSED] - setValueToCellByAddress(sheet01, "C" + mycount, uffFail): null

2020-02-14 09:50:49 - [TEST_STEP][PASSED] - mycount = mycount + 1: null

2020-02-14 09:50:49 - [TEST_STEP][PASSED] - setValueToCellByAddress(sheet01, "A" + mycount, "beam " + mybeam + " zip " + myzip + " upfront fees " + myuff + " plan " + myplan): null

2020-02-14 09:50:49 - [TEST_STEP][PASSED] - setValueToCellByAddress(sheet01, "D" + mycount, myplan): null

2020-02-14 09:50:49 - [TEST_STEP][PASSED] - sendRequestAndVerify(findTestObject("Exede_Zip", ["myzip":myzip])): Send request and verify the response successfully

2020-02-14 09:50:51 - [MESSAGE][INFO] - HAR: /Users/jhampleman/jenkins-beam-tests-master/Reports/20200214_095028/RUN_Exede_Zip_Test/20200214_095028/requests/main/6.har

2020-02-14 09:50:51 - [TEST_CASE][PASSED] - Start Test Case : Verification: Verification accomplished successfully

2020-02-14 09:50:51 - [TEST_STEP][PASSED] - request = getInstance().getCurrentRequest(): null

2020-02-14 09:50:51 - [TEST_STEP][PASSED] - response = getInstance().getCurrentResponse(): null

2020-02-14 09:50:51 - [TEST_STEP][PASSED] - if (!(verifyElementPropertyValue(response, "data.beam", mybeam))): Verify element property value successfully

2020-02-14 09:50:51 - [MESSAGE][PASSED] - Verify element property value successfully

2020-02-14 09:50:51 - [TEST_STEP][PASSED] - else: null

2020-02-14 09:50:51 - [TEST_STEP][PASSED] - beamFail = "P": null

2020-02-14 09:50:51 - [TEST_STEP][PASSED] - if (!(verifyElementPropertyValue(response, "data.product.down", myuff))): Verify element property value successfully

2020-02-14 09:50:51 - [MESSAGE][PASSED] - Verify element property value successfully

2020-02-14 09:50:51 - [TEST_STEP][PASSED] - else: null

2020-02-14 09:50:51 - [TEST_STEP][PASSED] - uffFail = "P": null

2020-02-14 09:50:51 - [TEST_STEP][PASSED] - jsonSlurper = new groovy.json.JsonSlurper(): null

2020-02-14 09:50:51 - [TEST_STEP][PASSED] - object = jsonSlurper.parseText(response.getResponseText()): null

2020-02-14 09:50:51 - [TEST_STEP][PASSED] - println(object): null

2020-02-14 09:50:51 - [TEST_STEP][PASSED] - mytest = plans: null

2020-02-14 09:50:51 - [TEST_STEP][PASSED] - variable = mytest: null

2020-02-14 09:50:51 - [MESSAGE][PASSED] - Verify response successfully

2020-02-14 09:50:51 - [MESSAGE][PASSED] - Send request and verify the response successfully

2020-02-14 09:50:51 - [TEST_STEP][PASSED] - setValueToCellByAddress(sheet01, "E" + mycount, variable): null

2020-02-14 09:50:51 - [TEST_STEP][PASSED] - saveWorkbook(excelFile01, workbook01): null]]></system-out>
         <system-err><![CDATA[]]></system-err>
      </testcase>
      <testcase name="Test Cases/Test_Beams_by_Zip_to_Excel" time="2.118" classname="Test Cases/Test_Beams_by_Zip_to_Excel" status="PASSED">
         <system-out><![CDATA[2020-02-14 09:50:51 - [TEST_CASE][PASSED] - Test Cases/Test_Beams_by_Zip_to_Excel: Test Cases/Test_Beams_by_Zip_to_Excel

2020-02-14 09:50:51 - [TEST_STEP][PASSED] - excelFile01 = "beams-test-results.xlsx": null

2020-02-14 09:50:51 - [TEST_STEP][PASSED] - ExpectedListSheetFile1 = ["Sheet1"]: null

2020-02-14 09:50:51 - [TEST_STEP][PASSED] - workbookFile01 = getWorkbook(excelFile01): null

2020-02-14 09:50:51 - [TEST_STEP][PASSED] - workbook01 = getWorkbook(excelFile01): null

2020-02-14 09:50:51 - [TEST_STEP][PASSED] - sheet01 = getExcelSheet(workbook01, "Sheet1"): null

2020-02-14 09:50:51 - [TEST_STEP][PASSED] - setValueToCellByAddress(sheet01, "A1", "TEST"): null

2020-02-14 09:50:51 - [TEST_STEP][PASSED] - setValueToCellByAddress(sheet01, "B1", "BEAM"): null

2020-02-14 09:50:51 - [TEST_STEP][PASSED] - setValueToCellByAddress(sheet01, "C1", "UFF"): null

2020-02-14 09:50:51 - [TEST_STEP][PASSED] - setValueToCellByAddress(sheet01, "D1", "PLAN"): null

2020-02-14 09:50:51 - [TEST_STEP][PASSED] - setValueToCellByAddress(sheet01, "E1", "API PLAN"): null

2020-02-14 09:50:51 - [TEST_STEP][PASSED] - mybeam = mybeam: null

2020-02-14 09:50:51 - [TEST_STEP][PASSED] - myuff = myuff: null

2020-02-14 09:50:51 - [TEST_STEP][PASSED] - myplan = myplan: null

2020-02-14 09:50:51 - [TEST_STEP][PASSED] - log = new com.kms.katalon.core.logging.KeywordLogger(): null

2020-02-14 09:50:51 - [TEST_STEP][PASSED] - log.logWarning("beam " + mybeam + " zip " + myzip + " upfront fees " + myuff + " plan " + myplan): beam 303 zip 54701 upfront fees 0 plan VS2 Standard Offer

2020-02-14 09:50:51 - [MESSAGE][WARNING] - beam 303 zip 54701 upfront fees 0 plan VS2 Standard Offer

2020-02-14 09:50:51 - [TEST_STEP][PASSED] - setValueToCellByAddress(sheet01, "B" + mycount, beamFail): null

2020-02-14 09:50:51 - [TEST_STEP][PASSED] - setValueToCellByAddress(sheet01, "C" + mycount, uffFail): null

2020-02-14 09:50:51 - [TEST_STEP][PASSED] - mycount = mycount + 1: null

2020-02-14 09:50:51 - [TEST_STEP][PASSED] - setValueToCellByAddress(sheet01, "A" + mycount, "beam " + mybeam + " zip " + myzip + " upfront fees " + myuff + " plan " + myplan): null

2020-02-14 09:50:51 - [TEST_STEP][PASSED] - setValueToCellByAddress(sheet01, "D" + mycount, myplan): null

2020-02-14 09:50:51 - [TEST_STEP][PASSED] - sendRequestAndVerify(findTestObject("Exede_Zip", ["myzip":myzip])): Send request and verify the response successfully

2020-02-14 09:50:53 - [MESSAGE][INFO] - HAR: /Users/jhampleman/jenkins-beam-tests-master/Reports/20200214_095028/RUN_Exede_Zip_Test/20200214_095028/requests/main/7.har

2020-02-14 09:50:53 - [TEST_CASE][PASSED] - Start Test Case : Verification: Verification accomplished successfully

2020-02-14 09:50:53 - [TEST_STEP][PASSED] - request = getInstance().getCurrentRequest(): null

2020-02-14 09:50:53 - [TEST_STEP][PASSED] - response = getInstance().getCurrentResponse(): null

2020-02-14 09:50:53 - [TEST_STEP][PASSED] - if (!(verifyElementPropertyValue(response, "data.beam", mybeam))): Verify element property value successfully

2020-02-14 09:50:53 - [MESSAGE][PASSED] - Verify element property value successfully

2020-02-14 09:50:53 - [TEST_STEP][PASSED] - else: null

2020-02-14 09:50:53 - [TEST_STEP][PASSED] - beamFail = "P": null

2020-02-14 09:50:53 - [TEST_STEP][PASSED] - if (!(verifyElementPropertyValue(response, "data.product.down", myuff))): Verify element property value successfully

2020-02-14 09:50:53 - [MESSAGE][PASSED] - Verify element property value successfully

2020-02-14 09:50:53 - [TEST_STEP][PASSED] - else: null

2020-02-14 09:50:53 - [TEST_STEP][PASSED] - uffFail = "P": null

2020-02-14 09:50:53 - [TEST_STEP][PASSED] - jsonSlurper = new groovy.json.JsonSlurper(): null

2020-02-14 09:50:53 - [TEST_STEP][PASSED] - object = jsonSlurper.parseText(response.getResponseText()): null

2020-02-14 09:50:53 - [TEST_STEP][PASSED] - println(object): null

2020-02-14 09:50:53 - [TEST_STEP][PASSED] - mytest = plans: null

2020-02-14 09:50:53 - [TEST_STEP][PASSED] - variable = mytest: null

2020-02-14 09:50:53 - [MESSAGE][PASSED] - Verify response successfully

2020-02-14 09:50:53 - [MESSAGE][PASSED] - Send request and verify the response successfully

2020-02-14 09:50:53 - [TEST_STEP][PASSED] - setValueToCellByAddress(sheet01, "E" + mycount, variable): null

2020-02-14 09:50:53 - [TEST_STEP][PASSED] - saveWorkbook(excelFile01, workbook01): null]]></system-out>
         <system-err><![CDATA[]]></system-err>
      </testcase>
      <testcase name="Test Cases/Test_Beams_by_Zip_to_Excel" time="2.199" classname="Test Cases/Test_Beams_by_Zip_to_Excel" status="PASSED">
         <system-out><![CDATA[2020-02-14 09:50:53 - [TEST_CASE][PASSED] - Test Cases/Test_Beams_by_Zip_to_Excel: Test Cases/Test_Beams_by_Zip_to_Excel

2020-02-14 09:50:53 - [TEST_STEP][PASSED] - excelFile01 = "beams-test-results.xlsx": null

2020-02-14 09:50:53 - [TEST_STEP][PASSED] - ExpectedListSheetFile1 = ["Sheet1"]: null

2020-02-14 09:50:53 - [TEST_STEP][PASSED] - workbookFile01 = getWorkbook(excelFile01): null

2020-02-14 09:50:53 - [TEST_STEP][PASSED] - workbook01 = getWorkbook(excelFile01): null

2020-02-14 09:50:53 - [TEST_STEP][PASSED] - sheet01 = getExcelSheet(workbook01, "Sheet1"): null

2020-02-14 09:50:53 - [TEST_STEP][PASSED] - setValueToCellByAddress(sheet01, "A1", "TEST"): null

2020-02-14 09:50:53 - [TEST_STEP][PASSED] - setValueToCellByAddress(sheet01, "B1", "BEAM"): null

2020-02-14 09:50:53 - [TEST_STEP][PASSED] - setValueToCellByAddress(sheet01, "C1", "UFF"): null

2020-02-14 09:50:53 - [TEST_STEP][PASSED] - setValueToCellByAddress(sheet01, "D1", "PLAN"): null

2020-02-14 09:50:53 - [TEST_STEP][PASSED] - setValueToCellByAddress(sheet01, "E1", "API PLAN"): null

2020-02-14 09:50:53 - [TEST_STEP][PASSED] - mybeam = mybeam: null

2020-02-14 09:50:53 - [TEST_STEP][PASSED] - myuff = myuff: null

2020-02-14 09:50:53 - [TEST_STEP][PASSED] - myplan = myplan: null

2020-02-14 09:50:53 - [TEST_STEP][PASSED] - log = new com.kms.katalon.core.logging.KeywordLogger(): null

2020-02-14 09:50:53 - [TEST_STEP][PASSED] - log.logWarning("beam " + mybeam + " zip " + myzip + " upfront fees " + myuff + " plan " + myplan): beam 304 zip 54124 upfront fees 0 plan Liberty 12/25/50/Unlimited

2020-02-14 09:50:53 - [MESSAGE][WARNING] - beam 304 zip 54124 upfront fees 0 plan Liberty 12/25/50/Unlimited

2020-02-14 09:50:53 - [TEST_STEP][PASSED] - setValueToCellByAddress(sheet01, "B" + mycount, beamFail): null

2020-02-14 09:50:53 - [TEST_STEP][PASSED] - setValueToCellByAddress(sheet01, "C" + mycount, uffFail): null

2020-02-14 09:50:53 - [TEST_STEP][PASSED] - mycount = mycount + 1: null

2020-02-14 09:50:53 - [TEST_STEP][PASSED] - setValueToCellByAddress(sheet01, "A" + mycount, "beam " + mybeam + " zip " + myzip + " upfront fees " + myuff + " plan " + myplan): null

2020-02-14 09:50:53 - [TEST_STEP][PASSED] - setValueToCellByAddress(sheet01, "D" + mycount, myplan): null

2020-02-14 09:50:53 - [TEST_STEP][PASSED] - sendRequestAndVerify(findTestObject("Exede_Zip", ["myzip":myzip])): Send request and verify the response successfully

2020-02-14 09:50:55 - [MESSAGE][INFO] - HAR: /Users/jhampleman/jenkins-beam-tests-master/Reports/20200214_095028/RUN_Exede_Zip_Test/20200214_095028/requests/main/8.har

2020-02-14 09:50:55 - [TEST_CASE][PASSED] - Start Test Case : Verification: Verification accomplished successfully

2020-02-14 09:50:55 - [TEST_STEP][PASSED] - request = getInstance().getCurrentRequest(): null

2020-02-14 09:50:55 - [TEST_STEP][PASSED] - response = getInstance().getCurrentResponse(): null

2020-02-14 09:50:55 - [TEST_STEP][PASSED] - if (!(verifyElementPropertyValue(response, "data.beam", mybeam))): Verify element property value successfully

2020-02-14 09:50:55 - [MESSAGE][PASSED] - Verify element property value successfully

2020-02-14 09:50:55 - [TEST_STEP][PASSED] - else: null

2020-02-14 09:50:55 - [TEST_STEP][PASSED] - beamFail = "P": null

2020-02-14 09:50:55 - [TEST_STEP][PASSED] - if (!(verifyElementPropertyValue(response, "data.product.down", myuff))): Verify element property value successfully

2020-02-14 09:50:56 - [MESSAGE][PASSED] - Verify element property value successfully

2020-02-14 09:50:56 - [TEST_STEP][PASSED] - else: null

2020-02-14 09:50:56 - [TEST_STEP][PASSED] - uffFail = "P": null

2020-02-14 09:50:56 - [TEST_STEP][PASSED] - jsonSlurper = new groovy.json.JsonSlurper(): null

2020-02-14 09:50:56 - [TEST_STEP][PASSED] - object = jsonSlurper.parseText(response.getResponseText()): null

2020-02-14 09:50:56 - [TEST_STEP][PASSED] - println(object): null

2020-02-14 09:50:56 - [TEST_STEP][PASSED] - mytest = plans: null

2020-02-14 09:50:56 - [TEST_STEP][PASSED] - variable = mytest: null

2020-02-14 09:50:56 - [MESSAGE][PASSED] - Verify response successfully

2020-02-14 09:50:56 - [MESSAGE][PASSED] - Send request and verify the response successfully

2020-02-14 09:50:56 - [TEST_STEP][PASSED] - setValueToCellByAddress(sheet01, "E" + mycount, variable): null

2020-02-14 09:50:56 - [TEST_STEP][PASSED] - saveWorkbook(excelFile01, workbook01): null]]></system-out>
         <system-err><![CDATA[]]></system-err>
      </testcase>
      <testcase name="Test Cases/Test_Beams_by_Zip_to_Excel" time="2.008" classname="Test Cases/Test_Beams_by_Zip_to_Excel" status="PASSED">
         <system-out><![CDATA[2020-02-14 09:50:56 - [TEST_CASE][PASSED] - Test Cases/Test_Beams_by_Zip_to_Excel: Test Cases/Test_Beams_by_Zip_to_Excel

2020-02-14 09:50:56 - [TEST_STEP][PASSED] - excelFile01 = "beams-test-results.xlsx": null

2020-02-14 09:50:56 - [TEST_STEP][PASSED] - ExpectedListSheetFile1 = ["Sheet1"]: null

2020-02-14 09:50:56 - [TEST_STEP][PASSED] - workbookFile01 = getWorkbook(excelFile01): null

2020-02-14 09:50:56 - [TEST_STEP][PASSED] - workbook01 = getWorkbook(excelFile01): null

2020-02-14 09:50:56 - [TEST_STEP][PASSED] - sheet01 = getExcelSheet(workbook01, "Sheet1"): null

2020-02-14 09:50:56 - [TEST_STEP][PASSED] - setValueToCellByAddress(sheet01, "A1", "TEST"): null

2020-02-14 09:50:56 - [TEST_STEP][PASSED] - setValueToCellByAddress(sheet01, "B1", "BEAM"): null

2020-02-14 09:50:56 - [TEST_STEP][PASSED] - setValueToCellByAddress(sheet01, "C1", "UFF"): null

2020-02-14 09:50:56 - [TEST_STEP][PASSED] - setValueToCellByAddress(sheet01, "D1", "PLAN"): null

2020-02-14 09:50:56 - [TEST_STEP][PASSED] - setValueToCellByAddress(sheet01, "E1", "API PLAN"): null

2020-02-14 09:50:56 - [TEST_STEP][PASSED] - mybeam = mybeam: null

2020-02-14 09:50:56 - [TEST_STEP][PASSED] - myuff = myuff: null

2020-02-14 09:50:56 - [TEST_STEP][PASSED] - myplan = myplan: null

2020-02-14 09:50:56 - [TEST_STEP][PASSED] - log = new com.kms.katalon.core.logging.KeywordLogger(): null

2020-02-14 09:50:56 - [TEST_STEP][PASSED] - log.logWarning("beam " + mybeam + " zip " + myzip + " upfront fees " + myuff + " plan " + myplan): beam 305 zip 48661 upfront fees 0 plan VS2 Standard Offer

2020-02-14 09:50:56 - [MESSAGE][WARNING] - beam 305 zip 48661 upfront fees 0 plan VS2 Standard Offer

2020-02-14 09:50:56 - [TEST_STEP][PASSED] - setValueToCellByAddress(sheet01, "B" + mycount, beamFail): null

2020-02-14 09:50:56 - [TEST_STEP][PASSED] - setValueToCellByAddress(sheet01, "C" + mycount, uffFail): null

2020-02-14 09:50:56 - [TEST_STEP][PASSED] - mycount = mycount + 1: null

2020-02-14 09:50:56 - [TEST_STEP][PASSED] - setValueToCellByAddress(sheet01, "A" + mycount, "beam " + mybeam + " zip " + myzip + " upfront fees " + myuff + " plan " + myplan): null

2020-02-14 09:50:56 - [TEST_STEP][PASSED] - setValueToCellByAddress(sheet01, "D" + mycount, myplan): null

2020-02-14 09:50:56 - [TEST_STEP][PASSED] - sendRequestAndVerify(findTestObject("Exede_Zip", ["myzip":myzip])): Send request and verify the response successfully

2020-02-14 09:50:57 - [MESSAGE][INFO] - HAR: /Users/jhampleman/jenkins-beam-tests-master/Reports/20200214_095028/RUN_Exede_Zip_Test/20200214_095028/requests/main/9.har

2020-02-14 09:50:57 - [TEST_CASE][PASSED] - Start Test Case : Verification: Verification accomplished successfully

2020-02-14 09:50:58 - [TEST_STEP][PASSED] - request = getInstance().getCurrentRequest(): null

2020-02-14 09:50:58 - [TEST_STEP][PASSED] - response = getInstance().getCurrentResponse(): null

2020-02-14 09:50:58 - [TEST_STEP][PASSED] - if (!(verifyElementPropertyValue(response, "data.beam", mybeam))): Verify element property value successfully

2020-02-14 09:50:58 - [MESSAGE][PASSED] - Verify element property value successfully

2020-02-14 09:50:58 - [TEST_STEP][PASSED] - else: null

2020-02-14 09:50:58 - [TEST_STEP][PASSED] - beamFail = "P": null

2020-02-14 09:50:58 - [TEST_STEP][PASSED] - if (!(verifyElementPropertyValue(response, "data.product.down", myuff))): Verify element property value successfully

2020-02-14 09:50:58 - [MESSAGE][PASSED] - Verify element property value successfully

2020-02-14 09:50:58 - [TEST_STEP][PASSED] - else: null

2020-02-14 09:50:58 - [TEST_STEP][PASSED] - uffFail = "P": null

2020-02-14 09:50:58 - [TEST_STEP][PASSED] - jsonSlurper = new groovy.json.JsonSlurper(): null

2020-02-14 09:50:58 - [TEST_STEP][PASSED] - object = jsonSlurper.parseText(response.getResponseText()): null

2020-02-14 09:50:58 - [TEST_STEP][PASSED] - println(object): null

2020-02-14 09:50:58 - [TEST_STEP][PASSED] - mytest = plans: null

2020-02-14 09:50:58 - [TEST_STEP][PASSED] - variable = mytest: null

2020-02-14 09:50:58 - [MESSAGE][PASSED] - Verify response successfully

2020-02-14 09:50:58 - [MESSAGE][PASSED] - Send request and verify the response successfully

2020-02-14 09:50:58 - [TEST_STEP][PASSED] - setValueToCellByAddress(sheet01, "E" + mycount, variable): null

2020-02-14 09:50:58 - [TEST_STEP][PASSED] - saveWorkbook(excelFile01, workbook01): null]]></system-out>
         <system-err><![CDATA[]]></system-err>
      </testcase>
      <testcase name="Test Cases/Test_Beams_by_Zip_to_Excel" time="2.03" classname="Test Cases/Test_Beams_by_Zip_to_Excel" status="PASSED">
         <system-out><![CDATA[2020-02-14 09:50:58 - [TEST_CASE][PASSED] - Test Cases/Test_Beams_by_Zip_to_Excel: Test Cases/Test_Beams_by_Zip_to_Excel

2020-02-14 09:50:58 - [TEST_STEP][PASSED] - excelFile01 = "beams-test-results.xlsx": null

2020-02-14 09:50:58 - [TEST_STEP][PASSED] - ExpectedListSheetFile1 = ["Sheet1"]: null

2020-02-14 09:50:58 - [TEST_STEP][PASSED] - workbookFile01 = getWorkbook(excelFile01): null

2020-02-14 09:50:58 - [TEST_STEP][PASSED] - workbook01 = getWorkbook(excelFile01): null

2020-02-14 09:50:58 - [TEST_STEP][PASSED] - sheet01 = getExcelSheet(workbook01, "Sheet1"): null

2020-02-14 09:50:58 - [TEST_STEP][PASSED] - setValueToCellByAddress(sheet01, "A1", "TEST"): null

2020-02-14 09:50:58 - [TEST_STEP][PASSED] - setValueToCellByAddress(sheet01, "B1", "BEAM"): null

2020-02-14 09:50:58 - [TEST_STEP][PASSED] - setValueToCellByAddress(sheet01, "C1", "UFF"): null

2020-02-14 09:50:58 - [TEST_STEP][PASSED] - setValueToCellByAddress(sheet01, "D1", "PLAN"): null

2020-02-14 09:50:58 - [TEST_STEP][PASSED] - setValueToCellByAddress(sheet01, "E1", "API PLAN"): null

2020-02-14 09:50:58 - [TEST_STEP][PASSED] - mybeam = mybeam: null

2020-02-14 09:50:58 - [TEST_STEP][PASSED] - myuff = myuff: null

2020-02-14 09:50:58 - [TEST_STEP][PASSED] - myplan = myplan: null

2020-02-14 09:50:58 - [TEST_STEP][PASSED] - log = new com.kms.katalon.core.logging.KeywordLogger(): null

2020-02-14 09:50:58 - [TEST_STEP][PASSED] - log.logWarning("beam " + mybeam + " zip " + myzip + " upfront fees " + myuff + " plan " + myplan): beam 309 zip 50126 upfront fees 0 plan VS2 Standard Offer

2020-02-14 09:50:58 - [MESSAGE][WARNING] - beam 309 zip 50126 upfront fees 0 plan VS2 Standard Offer

2020-02-14 09:50:58 - [TEST_STEP][PASSED] - setValueToCellByAddress(sheet01, "B" + mycount, beamFail): null

2020-02-14 09:50:58 - [TEST_STEP][PASSED] - setValueToCellByAddress(sheet01, "C" + mycount, uffFail): null

2020-02-14 09:50:58 - [TEST_STEP][PASSED] - mycount = mycount + 1: null

2020-02-14 09:50:58 - [TEST_STEP][PASSED] - setValueToCellByAddress(sheet01, "A" + mycount, "beam " + mybeam + " zip " + myzip + " upfront fees " + myuff + " plan " + myplan): null

2020-02-14 09:50:58 - [TEST_STEP][PASSED] - setValueToCellByAddress(sheet01, "D" + mycount, myplan): null

2020-02-14 09:50:58 - [TEST_STEP][PASSED] - sendRequestAndVerify(findTestObject("Exede_Zip", ["myzip":myzip])): Send request and verify the response successfully

2020-02-14 09:50:59 - [MESSAGE][INFO] - HAR: /Users/jhampleman/jenkins-beam-tests-master/Reports/20200214_095028/RUN_Exede_Zip_Test/20200214_095028/requests/main/10.har

2020-02-14 09:51:00 - [TEST_CASE][PASSED] - Start Test Case : Verification: Verification accomplished successfully

2020-02-14 09:51:00 - [TEST_STEP][PASSED] - request = getInstance().getCurrentRequest(): null

2020-02-14 09:51:00 - [TEST_STEP][PASSED] - response = getInstance().getCurrentResponse(): null

2020-02-14 09:51:00 - [TEST_STEP][PASSED] - if (!(verifyElementPropertyValue(response, "data.beam", mybeam))): Verify element property value successfully

2020-02-14 09:51:00 - [MESSAGE][PASSED] - Verify element property value successfully

2020-02-14 09:51:00 - [TEST_STEP][PASSED] - else: null

2020-02-14 09:51:00 - [TEST_STEP][PASSED] - beamFail = "P": null

2020-02-14 09:51:00 - [TEST_STEP][PASSED] - if (!(verifyElementPropertyValue(response, "data.product.down", myuff))): Verify element property value successfully

2020-02-14 09:51:00 - [MESSAGE][PASSED] - Verify element property value successfully

2020-02-14 09:51:00 - [TEST_STEP][PASSED] - else: null

2020-02-14 09:51:00 - [TEST_STEP][PASSED] - uffFail = "P": null

2020-02-14 09:51:00 - [TEST_STEP][PASSED] - jsonSlurper = new groovy.json.JsonSlurper(): null

2020-02-14 09:51:00 - [TEST_STEP][PASSED] - object = jsonSlurper.parseText(response.getResponseText()): null

2020-02-14 09:51:00 - [TEST_STEP][PASSED] - println(object): null

2020-02-14 09:51:00 - [TEST_STEP][PASSED] - mytest = plans: null

2020-02-14 09:51:00 - [TEST_STEP][PASSED] - variable = mytest: null

2020-02-14 09:51:00 - [MESSAGE][PASSED] - Verify response successfully

2020-02-14 09:51:00 - [MESSAGE][PASSED] - Send request and verify the response successfully

2020-02-14 09:51:00 - [TEST_STEP][PASSED] - setValueToCellByAddress(sheet01, "E" + mycount, variable): null

2020-02-14 09:51:00 - [TEST_STEP][PASSED] - saveWorkbook(excelFile01, workbook01): null]]></system-out>
         <system-err><![CDATA[]]></system-err>
      </testcase>
      <testcase name="Test Cases/Test_Beams_by_Zip_to_Excel" time="2.25" classname="Test Cases/Test_Beams_by_Zip_to_Excel" status="PASSED">
         <system-out><![CDATA[2020-02-14 09:51:00 - [TEST_CASE][PASSED] - Test Cases/Test_Beams_by_Zip_to_Excel: Test Cases/Test_Beams_by_Zip_to_Excel

2020-02-14 09:51:00 - [TEST_STEP][PASSED] - excelFile01 = "beams-test-results.xlsx": null

2020-02-14 09:51:00 - [TEST_STEP][PASSED] - ExpectedListSheetFile1 = ["Sheet1"]: null

2020-02-14 09:51:00 - [TEST_STEP][PASSED] - workbookFile01 = getWorkbook(excelFile01): null

2020-02-14 09:51:00 - [TEST_STEP][PASSED] - workbook01 = getWorkbook(excelFile01): null

2020-02-14 09:51:00 - [TEST_STEP][PASSED] - sheet01 = getExcelSheet(workbook01, "Sheet1"): null

2020-02-14 09:51:00 - [TEST_STEP][PASSED] - setValueToCellByAddress(sheet01, "A1", "TEST"): null

2020-02-14 09:51:00 - [TEST_STEP][PASSED] - setValueToCellByAddress(sheet01, "B1", "BEAM"): null

2020-02-14 09:51:00 - [TEST_STEP][PASSED] - setValueToCellByAddress(sheet01, "C1", "UFF"): null

2020-02-14 09:51:00 - [TEST_STEP][PASSED] - setValueToCellByAddress(sheet01, "D1", "PLAN"): null

2020-02-14 09:51:00 - [TEST_STEP][PASSED] - setValueToCellByAddress(sheet01, "E1", "API PLAN"): null

2020-02-14 09:51:00 - [TEST_STEP][PASSED] - mybeam = mybeam: null

2020-02-14 09:51:00 - [TEST_STEP][PASSED] - myuff = myuff: null

2020-02-14 09:51:00 - [TEST_STEP][PASSED] - myplan = myplan: null

2020-02-14 09:51:00 - [TEST_STEP][PASSED] - log = new com.kms.katalon.core.logging.KeywordLogger(): null

2020-02-14 09:51:00 - [TEST_STEP][PASSED] - log.logWarning("beam " + mybeam + " zip " + myzip + " upfront fees " + myuff + " plan " + myplan): beam 310 zip 61032 upfront fees 0 plan VS2 Standard Offer

2020-02-14 09:51:00 - [MESSAGE][WARNING] - beam 310 zip 61032 upfront fees 0 plan VS2 Standard Offer

2020-02-14 09:51:00 - [TEST_STEP][PASSED] - setValueToCellByAddress(sheet01, "B" + mycount, beamFail): null

2020-02-14 09:51:00 - [TEST_STEP][PASSED] - setValueToCellByAddress(sheet01, "C" + mycount, uffFail): null

2020-02-14 09:51:00 - [TEST_STEP][PASSED] - mycount = mycount + 1: null

2020-02-14 09:51:00 - [TEST_STEP][PASSED] - setValueToCellByAddress(sheet01, "A" + mycount, "beam " + mybeam + " zip " + myzip + " upfront fees " + myuff + " plan " + myplan): null

2020-02-14 09:51:00 - [TEST_STEP][PASSED] - setValueToCellByAddress(sheet01, "D" + mycount, myplan): null

2020-02-14 09:51:00 - [TEST_STEP][PASSED] - sendRequestAndVerify(findTestObject("Exede_Zip", ["myzip":myzip])): Send request and verify the response successfully

2020-02-14 09:51:02 - [MESSAGE][INFO] - HAR: /Users/jhampleman/jenkins-beam-tests-master/Reports/20200214_095028/RUN_Exede_Zip_Test/20200214_095028/requests/main/11.har

2020-02-14 09:51:02 - [TEST_CASE][PASSED] - Start Test Case : Verification: Verification accomplished successfully

2020-02-14 09:51:02 - [TEST_STEP][PASSED] - request = getInstance().getCurrentRequest(): null

2020-02-14 09:51:02 - [TEST_STEP][PASSED] - response = getInstance().getCurrentResponse(): null

2020-02-14 09:51:02 - [TEST_STEP][PASSED] - if (!(verifyElementPropertyValue(response, "data.beam", mybeam))): Verify element property value successfully

2020-02-14 09:51:02 - [MESSAGE][PASSED] - Verify element property value successfully

2020-02-14 09:51:02 - [TEST_STEP][PASSED] - else: null

2020-02-14 09:51:02 - [TEST_STEP][PASSED] - beamFail = "P": null

2020-02-14 09:51:02 - [TEST_STEP][PASSED] - if (!(verifyElementPropertyValue(response, "data.product.down", myuff))): Verify element property value successfully

2020-02-14 09:51:02 - [MESSAGE][PASSED] - Verify element property value successfully

2020-02-14 09:51:02 - [TEST_STEP][PASSED] - else: null

2020-02-14 09:51:02 - [TEST_STEP][PASSED] - uffFail = "P": null

2020-02-14 09:51:02 - [TEST_STEP][PASSED] - jsonSlurper = new groovy.json.JsonSlurper(): null

2020-02-14 09:51:02 - [TEST_STEP][PASSED] - object = jsonSlurper.parseText(response.getResponseText()): null

2020-02-14 09:51:02 - [TEST_STEP][PASSED] - println(object): null

2020-02-14 09:51:02 - [TEST_STEP][PASSED] - mytest = plans: null

2020-02-14 09:51:02 - [TEST_STEP][PASSED] - variable = mytest: null

2020-02-14 09:51:02 - [MESSAGE][PASSED] - Verify response successfully

2020-02-14 09:51:02 - [MESSAGE][PASSED] - Send request and verify the response successfully

2020-02-14 09:51:02 - [TEST_STEP][PASSED] - setValueToCellByAddress(sheet01, "E" + mycount, variable): null

2020-02-14 09:51:02 - [TEST_STEP][PASSED] - saveWorkbook(excelFile01, workbook01): null]]></system-out>
         <system-err><![CDATA[]]></system-err>
      </testcase>
      <testcase name="Test Cases/Test_Beams_by_Zip_to_Excel" time="2.41" classname="Test Cases/Test_Beams_by_Zip_to_Excel" status="PASSED">
         <system-out><![CDATA[2020-02-14 09:51:02 - [TEST_CASE][PASSED] - Test Cases/Test_Beams_by_Zip_to_Excel: Test Cases/Test_Beams_by_Zip_to_Excel

2020-02-14 09:51:02 - [TEST_STEP][PASSED] - excelFile01 = "beams-test-results.xlsx": null

2020-02-14 09:51:02 - [TEST_STEP][PASSED] - ExpectedListSheetFile1 = ["Sheet1"]: null

2020-02-14 09:51:02 - [TEST_STEP][PASSED] - workbookFile01 = getWorkbook(excelFile01): null

2020-02-14 09:51:02 - [TEST_STEP][PASSED] - workbook01 = getWorkbook(excelFile01): null

2020-02-14 09:51:02 - [TEST_STEP][PASSED] - sheet01 = getExcelSheet(workbook01, "Sheet1"): null

2020-02-14 09:51:02 - [TEST_STEP][PASSED] - setValueToCellByAddress(sheet01, "A1", "TEST"): null

2020-02-14 09:51:02 - [TEST_STEP][PASSED] - setValueToCellByAddress(sheet01, "B1", "BEAM"): null

2020-02-14 09:51:02 - [TEST_STEP][PASSED] - setValueToCellByAddress(sheet01, "C1", "UFF"): null

2020-02-14 09:51:02 - [TEST_STEP][PASSED] - setValueToCellByAddress(sheet01, "D1", "PLAN"): null

2020-02-14 09:51:02 - [TEST_STEP][PASSED] - setValueToCellByAddress(sheet01, "E1", "API PLAN"): null

2020-02-14 09:51:02 - [TEST_STEP][PASSED] - mybeam = mybeam: null

2020-02-14 09:51:02 - [TEST_STEP][PASSED] - myuff = myuff: null

2020-02-14 09:51:02 - [TEST_STEP][PASSED] - myplan = myplan: null

2020-02-14 09:51:02 - [TEST_STEP][PASSED] - log = new com.kms.katalon.core.logging.KeywordLogger(): null

2020-02-14 09:51:02 - [TEST_STEP][PASSED] - log.logWarning("beam " + mybeam + " zip " + myzip + " upfront fees " + myuff + " plan " + myplan): beam 311 zip 47963 upfront fees 0 plan Liberty 12/25/50/Unlimited

2020-02-14 09:51:02 - [MESSAGE][WARNING] - beam 311 zip 47963 upfront fees 0 plan Liberty 12/25/50/Unlimited

2020-02-14 09:51:02 - [TEST_STEP][PASSED] - setValueToCellByAddress(sheet01, "B" + mycount, beamFail): null

2020-02-14 09:51:02 - [TEST_STEP][PASSED] - setValueToCellByAddress(sheet01, "C" + mycount, uffFail): null

2020-02-14 09:51:02 - [TEST_STEP][PASSED] - mycount = mycount + 1: null

2020-02-14 09:51:02 - [TEST_STEP][PASSED] - setValueToCellByAddress(sheet01, "A" + mycount, "beam " + mybeam + " zip " + myzip + " upfront fees " + myuff + " plan " + myplan): null

2020-02-14 09:51:02 - [TEST_STEP][PASSED] - setValueToCellByAddress(sheet01, "D" + mycount, myplan): null

2020-02-14 09:51:02 - [TEST_STEP][PASSED] - sendRequestAndVerify(findTestObject("Exede_Zip", ["myzip":myzip])): Send request and verify the response successfully

2020-02-14 09:51:04 - [MESSAGE][INFO] - HAR: /Users/jhampleman/jenkins-beam-tests-master/Reports/20200214_095028/RUN_Exede_Zip_Test/20200214_095028/requests/main/12.har

2020-02-14 09:51:04 - [TEST_CASE][PASSED] - Start Test Case : Verification: Verification accomplished successfully

2020-02-14 09:51:04 - [TEST_STEP][PASSED] - request = getInstance().getCurrentRequest(): null

2020-02-14 09:51:04 - [TEST_STEP][PASSED] - response = getInstance().getCurrentResponse(): null

2020-02-14 09:51:04 - [TEST_STEP][PASSED] - if (!(verifyElementPropertyValue(response, "data.beam", mybeam))): Verify element property value successfully

2020-02-14 09:51:04 - [MESSAGE][PASSED] - Verify element property value successfully

2020-02-14 09:51:04 - [TEST_STEP][PASSED] - else: null

2020-02-14 09:51:04 - [TEST_STEP][PASSED] - beamFail = "P": null

2020-02-14 09:51:04 - [TEST_STEP][PASSED] - if (!(verifyElementPropertyValue(response, "data.product.down", myuff))): Verify element property value successfully

2020-02-14 09:51:04 - [MESSAGE][PASSED] - Verify element property value successfully

2020-02-14 09:51:04 - [TEST_STEP][PASSED] - else: null

2020-02-14 09:51:04 - [TEST_STEP][PASSED] - uffFail = "P": null

2020-02-14 09:51:04 - [TEST_STEP][PASSED] - jsonSlurper = new groovy.json.JsonSlurper(): null

2020-02-14 09:51:04 - [TEST_STEP][PASSED] - object = jsonSlurper.parseText(response.getResponseText()): null

2020-02-14 09:51:04 - [TEST_STEP][PASSED] - println(object): null

2020-02-14 09:51:04 - [TEST_STEP][PASSED] - mytest = plans: null

2020-02-14 09:51:04 - [TEST_STEP][PASSED] - variable = mytest: null

2020-02-14 09:51:04 - [MESSAGE][PASSED] - Verify response successfully

2020-02-14 09:51:04 - [MESSAGE][PASSED] - Send request and verify the response successfully

2020-02-14 09:51:04 - [TEST_STEP][PASSED] - setValueToCellByAddress(sheet01, "E" + mycount, variable): null

2020-02-14 09:51:04 - [TEST_STEP][PASSED] - saveWorkbook(excelFile01, workbook01): null]]></system-out>
         <system-err><![CDATA[]]></system-err>
      </testcase>
      <testcase name="Test Cases/Test_Beams_by_Zip_to_Excel" time="2.039" classname="Test Cases/Test_Beams_by_Zip_to_Excel" status="PASSED">
         <system-out><![CDATA[2020-02-14 09:51:04 - [TEST_CASE][PASSED] - Test Cases/Test_Beams_by_Zip_to_Excel: Test Cases/Test_Beams_by_Zip_to_Excel

2020-02-14 09:51:04 - [TEST_STEP][PASSED] - excelFile01 = "beams-test-results.xlsx": null

2020-02-14 09:51:04 - [TEST_STEP][PASSED] - ExpectedListSheetFile1 = ["Sheet1"]: null

2020-02-14 09:51:04 - [TEST_STEP][PASSED] - workbookFile01 = getWorkbook(excelFile01): null

2020-02-14 09:51:04 - [TEST_STEP][PASSED] - workbook01 = getWorkbook(excelFile01): null

2020-02-14 09:51:04 - [TEST_STEP][PASSED] - sheet01 = getExcelSheet(workbook01, "Sheet1"): null

2020-02-14 09:51:04 - [TEST_STEP][PASSED] - setValueToCellByAddress(sheet01, "A1", "TEST"): null

2020-02-14 09:51:04 - [TEST_STEP][PASSED] - setValueToCellByAddress(sheet01, "B1", "BEAM"): null

2020-02-14 09:51:04 - [TEST_STEP][PASSED] - setValueToCellByAddress(sheet01, "C1", "UFF"): null

2020-02-14 09:51:04 - [TEST_STEP][PASSED] - setValueToCellByAddress(sheet01, "D1", "PLAN"): null

2020-02-14 09:51:04 - [TEST_STEP][PASSED] - setValueToCellByAddress(sheet01, "E1", "API PLAN"): null

2020-02-14 09:51:04 - [TEST_STEP][PASSED] - mybeam = mybeam: null

2020-02-14 09:51:04 - [TEST_STEP][PASSED] - myuff = myuff: null

2020-02-14 09:51:04 - [TEST_STEP][PASSED] - myplan = myplan: null

2020-02-14 09:51:04 - [TEST_STEP][PASSED] - log = new com.kms.katalon.core.logging.KeywordLogger(): null

2020-02-14 09:51:04 - [TEST_STEP][PASSED] - log.logWarning("beam " + mybeam + " zip " + myzip + " upfront fees " + myuff + " plan " + myplan): beam 312 zip 46777 upfront fees 0 plan Liberty 12/25/50/Unlimited

2020-02-14 09:51:04 - [MESSAGE][WARNING] - beam 312 zip 46777 upfront fees 0 plan Liberty 12/25/50/Unlimited

2020-02-14 09:51:04 - [TEST_STEP][PASSED] - setValueToCellByAddress(sheet01, "B" + mycount, beamFail): null

2020-02-14 09:51:04 - [TEST_STEP][PASSED] - setValueToCellByAddress(sheet01, "C" + mycount, uffFail): null

2020-02-14 09:51:04 - [TEST_STEP][PASSED] - mycount = mycount + 1: null

2020-02-14 09:51:04 - [TEST_STEP][PASSED] - setValueToCellByAddress(sheet01, "A" + mycount, "beam " + mybeam + " zip " + myzip + " upfront fees " + myuff + " plan " + myplan): null

2020-02-14 09:51:04 - [TEST_STEP][PASSED] - setValueToCellByAddress(sheet01, "D" + mycount, myplan): null

2020-02-14 09:51:04 - [TEST_STEP][PASSED] - sendRequestAndVerify(findTestObject("Exede_Zip", ["myzip":myzip])): Send request and verify the response successfully

2020-02-14 09:51:06 - [MESSAGE][INFO] - HAR: /Users/jhampleman/jenkins-beam-tests-master/Reports/20200214_095028/RUN_Exede_Zip_Test/20200214_095028/requests/main/13.har

2020-02-14 09:51:06 - [TEST_CASE][PASSED] - Start Test Case : Verification: Verification accomplished successfully

2020-02-14 09:51:06 - [TEST_STEP][PASSED] - request = getInstance().getCurrentRequest(): null

2020-02-14 09:51:06 - [TEST_STEP][PASSED] - response = getInstance().getCurrentResponse(): null

2020-02-14 09:51:06 - [TEST_STEP][PASSED] - if (!(verifyElementPropertyValue(response, "data.beam", mybeam))): Verify element property value successfully

2020-02-14 09:51:06 - [MESSAGE][PASSED] - Verify element property value successfully

2020-02-14 09:51:06 - [TEST_STEP][PASSED] - else: null

2020-02-14 09:51:06 - [TEST_STEP][PASSED] - beamFail = "P": null

2020-02-14 09:51:06 - [TEST_STEP][PASSED] - if (!(verifyElementPropertyValue(response, "data.product.down", myuff))): Verify element property value successfully

2020-02-14 09:51:06 - [MESSAGE][PASSED] - Verify element property value successfully

2020-02-14 09:51:06 - [TEST_STEP][PASSED] - else: null

2020-02-14 09:51:06 - [TEST_STEP][PASSED] - uffFail = "P": null

2020-02-14 09:51:06 - [TEST_STEP][PASSED] - jsonSlurper = new groovy.json.JsonSlurper(): null

2020-02-14 09:51:06 - [TEST_STEP][PASSED] - object = jsonSlurper.parseText(response.getResponseText()): null

2020-02-14 09:51:06 - [TEST_STEP][PASSED] - println(object): null

2020-02-14 09:51:06 - [TEST_STEP][PASSED] - mytest = plans: null

2020-02-14 09:51:06 - [TEST_STEP][PASSED] - variable = mytest: null

2020-02-14 09:51:06 - [MESSAGE][PASSED] - Verify response successfully

2020-02-14 09:51:06 - [MESSAGE][PASSED] - Send request and verify the response successfully

2020-02-14 09:51:06 - [TEST_STEP][PASSED] - setValueToCellByAddress(sheet01, "E" + mycount, variable): null

2020-02-14 09:51:06 - [TEST_STEP][PASSED] - saveWorkbook(excelFile01, workbook01): null]]></system-out>
         <system-err><![CDATA[]]></system-err>
      </testcase>
      <testcase name="Test Cases/Test_Beams_by_Zip_to_Excel" time="1.902" classname="Test Cases/Test_Beams_by_Zip_to_Excel" status="PASSED">
         <system-out><![CDATA[2020-02-14 09:51:06 - [TEST_CASE][PASSED] - Test Cases/Test_Beams_by_Zip_to_Excel: Test Cases/Test_Beams_by_Zip_to_Excel

2020-02-14 09:51:06 - [TEST_STEP][PASSED] - excelFile01 = "beams-test-results.xlsx": null

2020-02-14 09:51:06 - [TEST_STEP][PASSED] - ExpectedListSheetFile1 = ["Sheet1"]: null

2020-02-14 09:51:06 - [TEST_STEP][PASSED] - workbookFile01 = getWorkbook(excelFile01): null

2020-02-14 09:51:06 - [TEST_STEP][PASSED] - workbook01 = getWorkbook(excelFile01): null

2020-02-14 09:51:06 - [TEST_STEP][PASSED] - sheet01 = getExcelSheet(workbook01, "Sheet1"): null

2020-02-14 09:51:06 - [TEST_STEP][PASSED] - setValueToCellByAddress(sheet01, "A1", "TEST"): null

2020-02-14 09:51:06 - [TEST_STEP][PASSED] - setValueToCellByAddress(sheet01, "B1", "BEAM"): null

2020-02-14 09:51:06 - [TEST_STEP][PASSED] - setValueToCellByAddress(sheet01, "C1", "UFF"): null

2020-02-14 09:51:06 - [TEST_STEP][PASSED] - setValueToCellByAddress(sheet01, "D1", "PLAN"): null

2020-02-14 09:51:06 - [TEST_STEP][PASSED] - setValueToCellByAddress(sheet01, "E1", "API PLAN"): null

2020-02-14 09:51:06 - [TEST_STEP][PASSED] - mybeam = mybeam: null

2020-02-14 09:51:06 - [TEST_STEP][PASSED] - myuff = myuff: null

2020-02-14 09:51:06 - [TEST_STEP][PASSED] - myplan = myplan: null

2020-02-14 09:51:06 - [TEST_STEP][PASSED] - log = new com.kms.katalon.core.logging.KeywordLogger(): null

2020-02-14 09:51:06 - [TEST_STEP][PASSED] - log.logWarning("beam " + mybeam + " zip " + myzip + " upfront fees " + myuff + " plan " + myplan): beam 314 zip 13730 upfront fees 0 plan VS2 Standard Offer

2020-02-14 09:51:06 - [MESSAGE][WARNING] - beam 314 zip 13730 upfront fees 0 plan VS2 Standard Offer

2020-02-14 09:51:06 - [TEST_STEP][PASSED] - setValueToCellByAddress(sheet01, "B" + mycount, beamFail): null

2020-02-14 09:51:06 - [TEST_STEP][PASSED] - setValueToCellByAddress(sheet01, "C" + mycount, uffFail): null

2020-02-14 09:51:06 - [TEST_STEP][PASSED] - mycount = mycount + 1: null

2020-02-14 09:51:06 - [TEST_STEP][PASSED] - setValueToCellByAddress(sheet01, "A" + mycount, "beam " + mybeam + " zip " + myzip + " upfront fees " + myuff + " plan " + myplan): null

2020-02-14 09:51:06 - [TEST_STEP][PASSED] - setValueToCellByAddress(sheet01, "D" + mycount, myplan): null

2020-02-14 09:51:06 - [TEST_STEP][PASSED] - sendRequestAndVerify(findTestObject("Exede_Zip", ["myzip":myzip])): Send request and verify the response successfully

2020-02-14 09:51:08 - [MESSAGE][INFO] - HAR: /Users/jhampleman/jenkins-beam-tests-master/Reports/20200214_095028/RUN_Exede_Zip_Test/20200214_095028/requests/main/14.har

2020-02-14 09:51:08 - [TEST_CASE][PASSED] - Start Test Case : Verification: Verification accomplished successfully

2020-02-14 09:51:08 - [TEST_STEP][PASSED] - request = getInstance().getCurrentRequest(): null

2020-02-14 09:51:08 - [TEST_STEP][PASSED] - response = getInstance().getCurrentResponse(): null

2020-02-14 09:51:08 - [TEST_STEP][PASSED] - if (!(verifyElementPropertyValue(response, "data.beam", mybeam))): Verify element property value successfully

2020-02-14 09:51:08 - [MESSAGE][PASSED] - Verify element property value successfully

2020-02-14 09:51:08 - [TEST_STEP][PASSED] - else: null

2020-02-14 09:51:08 - [TEST_STEP][PASSED] - beamFail = "P": null

2020-02-14 09:51:08 - [TEST_STEP][PASSED] - if (!(verifyElementPropertyValue(response, "data.product.down", myuff))): Verify element property value successfully

2020-02-14 09:51:08 - [MESSAGE][PASSED] - Verify element property value successfully

2020-02-14 09:51:08 - [TEST_STEP][PASSED] - else: null

2020-02-14 09:51:08 - [TEST_STEP][PASSED] - uffFail = "P": null

2020-02-14 09:51:08 - [TEST_STEP][PASSED] - jsonSlurper = new groovy.json.JsonSlurper(): null

2020-02-14 09:51:08 - [TEST_STEP][PASSED] - object = jsonSlurper.parseText(response.getResponseText()): null

2020-02-14 09:51:08 - [TEST_STEP][PASSED] - println(object): null

2020-02-14 09:51:08 - [TEST_STEP][PASSED] - mytest = plans: null

2020-02-14 09:51:08 - [TEST_STEP][PASSED] - variable = mytest: null

2020-02-14 09:51:08 - [MESSAGE][PASSED] - Verify response successfully

2020-02-14 09:51:08 - [MESSAGE][PASSED] - Send request and verify the response successfully

2020-02-14 09:51:08 - [TEST_STEP][PASSED] - setValueToCellByAddress(sheet01, "E" + mycount, variable): null

2020-02-14 09:51:08 - [TEST_STEP][PASSED] - saveWorkbook(excelFile01, workbook01): null]]></system-out>
         <system-err><![CDATA[]]></system-err>
      </testcase>
      <testcase name="Test Cases/Test_Beams_by_Zip_to_Excel" time="1.944" classname="Test Cases/Test_Beams_by_Zip_to_Excel" status="PASSED">
         <system-out><![CDATA[2020-02-14 09:51:08 - [TEST_CASE][PASSED] - Test Cases/Test_Beams_by_Zip_to_Excel: Test Cases/Test_Beams_by_Zip_to_Excel

2020-02-14 09:51:08 - [TEST_STEP][PASSED] - excelFile01 = "beams-test-results.xlsx": null

2020-02-14 09:51:08 - [TEST_STEP][PASSED] - ExpectedListSheetFile1 = ["Sheet1"]: null

2020-02-14 09:51:08 - [TEST_STEP][PASSED] - workbookFile01 = getWorkbook(excelFile01): null

2020-02-14 09:51:08 - [TEST_STEP][PASSED] - workbook01 = getWorkbook(excelFile01): null

2020-02-14 09:51:08 - [TEST_STEP][PASSED] - sheet01 = getExcelSheet(workbook01, "Sheet1"): null

2020-02-14 09:51:08 - [TEST_STEP][PASSED] - setValueToCellByAddress(sheet01, "A1", "TEST"): null

2020-02-14 09:51:08 - [TEST_STEP][PASSED] - setValueToCellByAddress(sheet01, "B1", "BEAM"): null

2020-02-14 09:51:08 - [TEST_STEP][PASSED] - setValueToCellByAddress(sheet01, "C1", "UFF"): null

2020-02-14 09:51:08 - [TEST_STEP][PASSED] - setValueToCellByAddress(sheet01, "D1", "PLAN"): null

2020-02-14 09:51:08 - [TEST_STEP][PASSED] - setValueToCellByAddress(sheet01, "E1", "API PLAN"): null

2020-02-14 09:51:08 - [TEST_STEP][PASSED] - mybeam = mybeam: null

2020-02-14 09:51:08 - [TEST_STEP][PASSED] - myuff = myuff: null

2020-02-14 09:51:08 - [TEST_STEP][PASSED] - myplan = myplan: null

2020-02-14 09:51:08 - [TEST_STEP][PASSED] - log = new com.kms.katalon.core.logging.KeywordLogger(): null

2020-02-14 09:51:08 - [TEST_STEP][PASSED] - log.logWarning("beam " + mybeam + " zip " + myzip + " upfront fees " + myuff + " plan " + myplan): beam 315 zip 12208 upfront fees 150 plan Liberty 12/25/50/Unlimited

2020-02-14 09:51:08 - [MESSAGE][WARNING] - beam 315 zip 12208 upfront fees 150 plan Liberty 12/25/50/Unlimited

2020-02-14 09:51:08 - [TEST_STEP][PASSED] - setValueToCellByAddress(sheet01, "B" + mycount, beamFail): null

2020-02-14 09:51:08 - [TEST_STEP][PASSED] - setValueToCellByAddress(sheet01, "C" + mycount, uffFail): null

2020-02-14 09:51:08 - [TEST_STEP][PASSED] - mycount = mycount + 1: null

2020-02-14 09:51:08 - [TEST_STEP][PASSED] - setValueToCellByAddress(sheet01, "A" + mycount, "beam " + mybeam + " zip " + myzip + " upfront fees " + myuff + " plan " + myplan): null

2020-02-14 09:51:08 - [TEST_STEP][PASSED] - setValueToCellByAddress(sheet01, "D" + mycount, myplan): null

2020-02-14 09:51:08 - [TEST_STEP][PASSED] - sendRequestAndVerify(findTestObject("Exede_Zip", ["myzip":myzip])): Send request and verify the response successfully

2020-02-14 09:51:10 - [MESSAGE][INFO] - HAR: /Users/jhampleman/jenkins-beam-tests-master/Reports/20200214_095028/RUN_Exede_Zip_Test/20200214_095028/requests/main/15.har

2020-02-14 09:51:10 - [TEST_CASE][PASSED] - Start Test Case : Verification: Verification accomplished successfully

2020-02-14 09:51:10 - [TEST_STEP][PASSED] - request = getInstance().getCurrentRequest(): null

2020-02-14 09:51:10 - [TEST_STEP][PASSED] - response = getInstance().getCurrentResponse(): null

2020-02-14 09:51:10 - [TEST_STEP][PASSED] - if (!(verifyElementPropertyValue(response, "data.beam", mybeam))): Verify element property value successfully

2020-02-14 09:51:10 - [MESSAGE][PASSED] - Verify element property value successfully

2020-02-14 09:51:10 - [TEST_STEP][PASSED] - else: null

2020-02-14 09:51:10 - [TEST_STEP][PASSED] - beamFail = "P": null

2020-02-14 09:51:10 - [TEST_STEP][PASSED] - if (!(verifyElementPropertyValue(response, "data.product.down", myuff))): Verify element property value successfully

2020-02-14 09:51:10 - [MESSAGE][PASSED] - Verify element property value successfully

2020-02-14 09:51:10 - [TEST_STEP][PASSED] - else: null

2020-02-14 09:51:10 - [TEST_STEP][PASSED] - uffFail = "P": null

2020-02-14 09:51:10 - [TEST_STEP][PASSED] - jsonSlurper = new groovy.json.JsonSlurper(): null

2020-02-14 09:51:10 - [TEST_STEP][PASSED] - object = jsonSlurper.parseText(response.getResponseText()): null

2020-02-14 09:51:10 - [TEST_STEP][PASSED] - println(object): null

2020-02-14 09:51:10 - [TEST_STEP][PASSED] - mytest = plans: null

2020-02-14 09:51:10 - [TEST_STEP][PASSED] - variable = mytest: null

2020-02-14 09:51:10 - [MESSAGE][PASSED] - Verify response successfully

2020-02-14 09:51:10 - [MESSAGE][PASSED] - Send request and verify the response successfully

2020-02-14 09:51:10 - [TEST_STEP][PASSED] - setValueToCellByAddress(sheet01, "E" + mycount, variable): null

2020-02-14 09:51:10 - [TEST_STEP][PASSED] - saveWorkbook(excelFile01, workbook01): null]]></system-out>
         <system-err><![CDATA[]]></system-err>
      </testcase>
      <testcase name="Test Cases/Test_Beams_by_Zip_to_Excel" time="1.894" classname="Test Cases/Test_Beams_by_Zip_to_Excel" status="PASSED">
         <system-out><![CDATA[2020-02-14 09:51:10 - [TEST_CASE][PASSED] - Test Cases/Test_Beams_by_Zip_to_Excel: Test Cases/Test_Beams_by_Zip_to_Excel

2020-02-14 09:51:10 - [TEST_STEP][PASSED] - excelFile01 = "beams-test-results.xlsx": null

2020-02-14 09:51:10 - [TEST_STEP][PASSED] - ExpectedListSheetFile1 = ["Sheet1"]: null

2020-02-14 09:51:10 - [TEST_STEP][PASSED] - workbookFile01 = getWorkbook(excelFile01): null

2020-02-14 09:51:10 - [TEST_STEP][PASSED] - workbook01 = getWorkbook(excelFile01): null

2020-02-14 09:51:10 - [TEST_STEP][PASSED] - sheet01 = getExcelSheet(workbook01, "Sheet1"): null

2020-02-14 09:51:10 - [TEST_STEP][PASSED] - setValueToCellByAddress(sheet01, "A1", "TEST"): null

2020-02-14 09:51:10 - [TEST_STEP][PASSED] - setValueToCellByAddress(sheet01, "B1", "BEAM"): null

2020-02-14 09:51:10 - [TEST_STEP][PASSED] - setValueToCellByAddress(sheet01, "C1", "UFF"): null

2020-02-14 09:51:10 - [TEST_STEP][PASSED] - setValueToCellByAddress(sheet01, "D1", "PLAN"): null

2020-02-14 09:51:10 - [TEST_STEP][PASSED] - setValueToCellByAddress(sheet01, "E1", "API PLAN"): null

2020-02-14 09:51:10 - [TEST_STEP][PASSED] - mybeam = mybeam: null

2020-02-14 09:51:10 - [TEST_STEP][PASSED] - myuff = myuff: null

2020-02-14 09:51:10 - [TEST_STEP][PASSED] - myplan = myplan: null

2020-02-14 09:51:10 - [TEST_STEP][PASSED] - log = new com.kms.katalon.core.logging.KeywordLogger(): null

2020-02-14 09:51:10 - [TEST_STEP][PASSED] - log.logWarning("beam " + mybeam + " zip " + myzip + " upfront fees " + myuff + " plan " + myplan): beam 317 zip 62702 upfront fees 0 plan VS2 Standard Offer

2020-02-14 09:51:10 - [MESSAGE][WARNING] - beam 317 zip 62702 upfront fees 0 plan VS2 Standard Offer

2020-02-14 09:51:10 - [TEST_STEP][PASSED] - setValueToCellByAddress(sheet01, "B" + mycount, beamFail): null

2020-02-14 09:51:10 - [TEST_STEP][PASSED] - setValueToCellByAddress(sheet01, "C" + mycount, uffFail): null

2020-02-14 09:51:10 - [TEST_STEP][PASSED] - mycount = mycount + 1: null

2020-02-14 09:51:10 - [TEST_STEP][PASSED] - setValueToCellByAddress(sheet01, "A" + mycount, "beam " + mybeam + " zip " + myzip + " upfront fees " + myuff + " plan " + myplan): null

2020-02-14 09:51:10 - [TEST_STEP][PASSED] - setValueToCellByAddress(sheet01, "D" + mycount, myplan): null

2020-02-14 09:51:10 - [TEST_STEP][PASSED] - sendRequestAndVerify(findTestObject("Exede_Zip", ["myzip":myzip])): Send request and verify the response successfully

2020-02-14 09:51:12 - [MESSAGE][INFO] - HAR: /Users/jhampleman/jenkins-beam-tests-master/Reports/20200214_095028/RUN_Exede_Zip_Test/20200214_095028/requests/main/16.har

2020-02-14 09:51:12 - [TEST_CASE][PASSED] - Start Test Case : Verification: Verification accomplished successfully

2020-02-14 09:51:12 - [TEST_STEP][PASSED] - request = getInstance().getCurrentRequest(): null

2020-02-14 09:51:12 - [TEST_STEP][PASSED] - response = getInstance().getCurrentResponse(): null

2020-02-14 09:51:12 - [TEST_STEP][PASSED] - if (!(verifyElementPropertyValue(response, "data.beam", mybeam))): Verify element property value successfully

2020-02-14 09:51:12 - [MESSAGE][PASSED] - Verify element property value successfully

2020-02-14 09:51:12 - [TEST_STEP][PASSED] - else: null

2020-02-14 09:51:12 - [TEST_STEP][PASSED] - beamFail = "P": null

2020-02-14 09:51:12 - [TEST_STEP][PASSED] - if (!(verifyElementPropertyValue(response, "data.product.down", myuff))): Verify element property value successfully

2020-02-14 09:51:12 - [MESSAGE][PASSED] - Verify element property value successfully

2020-02-14 09:51:12 - [TEST_STEP][PASSED] - else: null

2020-02-14 09:51:12 - [TEST_STEP][PASSED] - uffFail = "P": null

2020-02-14 09:51:12 - [TEST_STEP][PASSED] - jsonSlurper = new groovy.json.JsonSlurper(): null

2020-02-14 09:51:12 - [TEST_STEP][PASSED] - object = jsonSlurper.parseText(response.getResponseText()): null

2020-02-14 09:51:12 - [TEST_STEP][PASSED] - println(object): null

2020-02-14 09:51:12 - [TEST_STEP][PASSED] - mytest = plans: null

2020-02-14 09:51:12 - [TEST_STEP][PASSED] - variable = mytest: null

2020-02-14 09:51:12 - [MESSAGE][PASSED] - Verify response successfully

[...]

2020-02-14 09:55:33 - [TEST_STEP][PASSED] - request = getInstance().getCurrentRequest(): null

2020-02-14 09:55:33 - [TEST_STEP][PASSED] - response = getInstance().getCurrentResponse(): null

2020-02-14 09:55:33 - [TEST_STEP][PASSED] - if (!(verifyElementPropertyValue(response, "data.beam", mybeam))): Verify element property value successfully

2020-02-14 09:55:33 - [MESSAGE][PASSED] - Verify element property value successfully

2020-02-14 09:55:33 - [TEST_STEP][PASSED] - else: null

2020-02-14 09:55:33 - [TEST_STEP][PASSED] - beamFail = "P": null

2020-02-14 09:55:33 - [TEST_STEP][PASSED] - if (!(verifyElementPropertyValue(response, "data.product.down", myuff))): Verify element property value successfully

2020-02-14 09:55:33 - [MESSAGE][PASSED] - Verify element property value successfully

2020-02-14 09:55:33 - [TEST_STEP][PASSED] - else: null

2020-02-14 09:55:33 - [TEST_STEP][PASSED] - uffFail = "P": null

2020-02-14 09:55:33 - [TEST_STEP][PASSED] - jsonSlurper = new groovy.json.JsonSlurper(): null

2020-02-14 09:55:33 - [TEST_STEP][PASSED] - object = jsonSlurper.parseText(response.getResponseText()): null

2020-02-14 09:55:33 - [TEST_STEP][PASSED] - println(object): null

2020-02-14 09:55:33 - [TEST_STEP][PASSED] - mytest = plans: null

2020-02-14 09:55:33 - [TEST_STEP][PASSED] - variable = mytest: null

2020-02-14 09:55:33 - [MESSAGE][PASSED] - Verify response successfully

2020-02-14 09:55:33 - [MESSAGE][PASSED] - Send request and verify the response successfully

2020-02-14 09:55:33 - [TEST_STEP][PASSED] - setValueToCellByAddress(sheet01, "E" + mycount, variable): null

2020-02-14 09:55:33 - [TEST_STEP][PASSED] - saveWorkbook(excelFile01, workbook01): null]]></system-out>
         <system-err><![CDATA[]]></system-err>
      </testcase>
      <testcase name="Test Cases/Test_Beams_by_Zip_to_Excel" time="1.883" classname="Test Cases/Test_Beams_by_Zip_to_Excel" status="PASSED">
         <system-out><![CDATA[2020-02-14 09:55:33 - [TEST_CASE][PASSED] - Test Cases/Test_Beams_by_Zip_to_Excel: Test Cases/Test_Beams_by_Zip_to_Excel

2020-02-14 09:55:33 - [TEST_STEP][PASSED] - excelFile01 = "beams-test-results.xlsx": null

2020-02-14 09:55:33 - [TEST_STEP][PASSED] - ExpectedListSheetFile1 = ["Sheet1"]: null

2020-02-14 09:55:33 - [TEST_STEP][PASSED] - workbookFile01 = getWorkbook(excelFile01): null

2020-02-14 09:55:33 - [TEST_STEP][PASSED] - workbook01 = getWorkbook(excelFile01): null

2020-02-14 09:55:33 - [TEST_STEP][PASSED] - sheet01 = getExcelSheet(workbook01, "Sheet1"): null

2020-02-14 09:55:33 - [TEST_STEP][PASSED] - setValueToCellByAddress(sheet01, "A1", "TEST"): null

2020-02-14 09:55:33 - [TEST_STEP][PASSED] - setValueToCellByAddress(sheet01, "B1", "BEAM"): null

2020-02-14 09:55:33 - [TEST_STEP][PASSED] - setValueToCellByAddress(sheet01, "C1", "UFF"): null

2020-02-14 09:55:33 - [TEST_STEP][PASSED] - setValueToCellByAddress(sheet01, "D1", "PLAN"): null

2020-02-14 09:55:33 - [TEST_STEP][PASSED] - setValueToCellByAddress(sheet01, "E1", "API PLAN"): null

2020-02-14 09:55:33 - [TEST_STEP][PASSED] - mybeam = mybeam: null

2020-02-14 09:55:33 - [TEST_STEP][PASSED] - myuff = myuff: null

2020-02-14 09:55:33 - [TEST_STEP][PASSED] - myplan = myplan: null

2020-02-14 09:55:33 - [TEST_STEP][PASSED] - log = new com.kms.katalon.core.logging.KeywordLogger(): null

2020-02-14 09:55:33 - [TEST_STEP][PASSED] - log.logWarning("beam " + mybeam + " zip " + myzip + " upfront fees " + myuff + " plan " + myplan): beam 782 zip 32102 upfront fees 0 plan VS2 Standard Offer

2020-02-14 09:55:33 - [MESSAGE][WARNING] - beam 782 zip 32102 upfront fees 0 plan VS2 Standard Offer

2020-02-14 09:55:33 - [TEST_STEP][PASSED] - setValueToCellByAddress(sheet01, "B" + mycount, beamFail): null

2020-02-14 09:55:33 - [TEST_STEP][PASSED] - setValueToCellByAddress(sheet01, "C" + mycount, uffFail): null

2020-02-14 09:55:33 - [TEST_STEP][PASSED] - mycount = mycount + 1: null

2020-02-14 09:55:33 - [TEST_STEP][PASSED] - setValueToCellByAddress(sheet01, "A" + mycount, "beam " + mybeam + " zip " + myzip + " upfront fees " + myuff + " plan " + myplan): null

2020-02-14 09:55:33 - [TEST_STEP][PASSED] - setValueToCellByAddress(sheet01, "D" + mycount, myplan): null

2020-02-14 09:55:33 - [TEST_STEP][PASSED] - sendRequestAndVerify(findTestObject("Exede_Zip", ["myzip":myzip])): Send request and verify the response successfully

2020-02-14 09:55:35 - [MESSAGE][INFO] - HAR: /Users/jhampleman/jenkins-beam-tests-master/Reports/20200214_095028/RUN_Exede_Zip_Test/20200214_095028/requests/main/142.har

2020-02-14 09:55:35 - [TEST_CASE][PASSED] - Start Test Case : Verification: Verification accomplished successfully

2020-02-14 09:55:35 - [TEST_STEP][PASSED] - request = getInstance().getCurrentRequest(): null

2020-02-14 09:55:35 - [TEST_STEP][PASSED] - response = getInstance().getCurrentResponse(): null

2020-02-14 09:55:35 - [TEST_STEP][PASSED] - if (!(verifyElementPropertyValue(response, "data.beam", mybeam))): Verify element property value successfully

2020-02-14 09:55:35 - [MESSAGE][PASSED] - Verify element property value successfully

2020-02-14 09:55:35 - [TEST_STEP][PASSED] - else: null

2020-02-14 09:55:35 - [TEST_STEP][PASSED] - beamFail = "P": null

2020-02-14 09:55:35 - [TEST_STEP][PASSED] - if (!(verifyElementPropertyValue(response, "data.product.down", myuff))): Verify element property value successfully

2020-02-14 09:55:35 - [MESSAGE][PASSED] - Verify element property value successfully

2020-02-14 09:55:35 - [TEST_STEP][PASSED] - else: null

2020-02-14 09:55:35 - [TEST_STEP][PASSED] - uffFail = "P": null

2020-02-14 09:55:35 - [TEST_STEP][PASSED] - jsonSlurper = new groovy.json.JsonSlurper(): null

2020-02-14 09:55:35 - [TEST_STEP][PASSED] - object = jsonSlurper.parseText(response.getResponseText()): null

2020-02-14 09:55:35 - [TEST_STEP][PASSED] - println(object): null

2020-02-14 09:55:35 - [TEST_STEP][PASSED] - mytest = plans: null

2020-02-14 09:55:35 - [TEST_STEP][PASSED] - variable = mytest: null

2020-02-14 09:55:35 - [MESSAGE][PASSED] - Verify response successfully

2020-02-14 09:55:35 - [MESSAGE][PASSED] - Send request and verify the response successfully

2020-02-14 09:55:35 - [TEST_STEP][PASSED] - setValueToCellByAddress(sheet01, "E" + mycount, variable): null

2020-02-14 09:55:35 - [TEST_STEP][PASSED] - saveWorkbook(excelFile01, workbook01): null]]></system-out>
         <system-err><![CDATA[]]></system-err>
      </testcase>
      <testcase name="Test Cases/Test_Beams_by_Zip_to_Excel" time="1.989" classname="Test Cases/Test_Beams_by_Zip_to_Excel" status="PASSED">
         <system-out><![CDATA[2020-02-14 09:55:35 - [TEST_CASE][PASSED] - Test Cases/Test_Beams_by_Zip_to_Excel: Test Cases/Test_Beams_by_Zip_to_Excel

2020-02-14 09:55:35 - [TEST_STEP][PASSED] - excelFile01 = "beams-test-results.xlsx": null

2020-02-14 09:55:35 - [TEST_STEP][PASSED] - ExpectedListSheetFile1 = ["Sheet1"]: null

2020-02-14 09:55:35 - [TEST_STEP][PASSED] - workbookFile01 = getWorkbook(excelFile01): null

2020-02-14 09:55:35 - [TEST_STEP][PASSED] - workbook01 = getWorkbook(excelFile01): null

2020-02-14 09:55:35 - [TEST_STEP][PASSED] - sheet01 = getExcelSheet(workbook01, "Sheet1"): null

2020-02-14 09:55:35 - [TEST_STEP][PASSED] - setValueToCellByAddress(sheet01, "A1", "TEST"): null

2020-02-14 09:55:35 - [TEST_STEP][PASSED] - setValueToCellByAddress(sheet01, "B1", "BEAM"): null

2020-02-14 09:55:35 - [TEST_STEP][PASSED] - setValueToCellByAddress(sheet01, "C1", "UFF"): null

2020-02-14 09:55:35 - [TEST_STEP][PASSED] - setValueToCellByAddress(sheet01, "D1", "PLAN"): null

2020-02-14 09:55:35 - [TEST_STEP][PASSED] - setValueToCellByAddress(sheet01, "E1", "API PLAN"): null

2020-02-14 09:55:35 - [TEST_STEP][PASSED] - mybeam = mybeam: null

2020-02-14 09:55:35 - [TEST_STEP][PASSED] - myuff = myuff: null

2020-02-14 09:55:35 - [TEST_STEP][PASSED] - myplan = myplan: null

2020-02-14 09:55:35 - [TEST_STEP][PASSED] - log = new com.kms.katalon.core.logging.KeywordLogger(): null

2020-02-14 09:55:35 - [TEST_STEP][PASSED] - log.logWarning("beam " + mybeam + " zip " + myzip + " upfront fees " + myuff + " plan " + myplan): beam 711 zip 80403 upfront fees 0 plan END

2020-02-14 09:55:35 - [MESSAGE][WARNING] - beam 711 zip 80403 upfront fees 0 plan END

2020-02-14 09:55:35 - [TEST_STEP][PASSED] - setValueToCellByAddress(sheet01, "B" + mycount, beamFail): null

2020-02-14 09:55:35 - [TEST_STEP][PASSED] - setValueToCellByAddress(sheet01, "C" + mycount, uffFail): null

2020-02-14 09:55:35 - [TEST_STEP][PASSED] - mycount = mycount + 1: null

2020-02-14 09:55:35 - [TEST_STEP][PASSED] - setValueToCellByAddress(sheet01, "A" + mycount, "beam " + mybeam + " zip " + myzip + " upfront fees " + myuff + " plan " + myplan): null

2020-02-14 09:55:35 - [TEST_STEP][PASSED] - setValueToCellByAddress(sheet01, "D" + mycount, myplan): null

2020-02-14 09:55:35 - [TEST_STEP][PASSED] - sendRequestAndVerify(findTestObject("Exede_Zip", ["myzip":myzip])): Send request and verify the response successfully

2020-02-14 09:55:37 - [MESSAGE][INFO] - HAR: /Users/jhampleman/jenkins-beam-tests-master/Reports/20200214_095028/RUN_Exede_Zip_Test/20200214_095028/requests/main/143.har

2020-02-14 09:55:37 - [TEST_CASE][PASSED] - Start Test Case : Verification: Verification accomplished successfully

2020-02-14 09:55:37 - [TEST_STEP][PASSED] - request = getInstance().getCurrentRequest(): null

2020-02-14 09:55:37 - [TEST_STEP][PASSED] - response = getInstance().getCurrentResponse(): null

2020-02-14 09:55:37 - [TEST_STEP][PASSED] - if (!(verifyElementPropertyValue(response, "data.beam", mybeam))): Verify element property value successfully

2020-02-14 09:55:37 - [MESSAGE][PASSED] - Verify element property value successfully

2020-02-14 09:55:37 - [TEST_STEP][PASSED] - else: null

2020-02-14 09:55:37 - [TEST_STEP][PASSED] - beamFail = "P": null

2020-02-14 09:55:37 - [TEST_STEP][PASSED] - if (!(verifyElementPropertyValue(response, "data.product.down", myuff))): Verify element property value successfully

2020-02-14 09:55:37 - [MESSAGE][PASSED] - Verify element property value successfully

2020-02-14 09:55:37 - [TEST_STEP][PASSED] - else: null

2020-02-14 09:55:37 - [TEST_STEP][PASSED] - uffFail = "P": null

2020-02-14 09:55:37 - [TEST_STEP][PASSED] - jsonSlurper = new groovy.json.JsonSlurper(): null

2020-02-14 09:55:37 - [TEST_STEP][PASSED] - object = jsonSlurper.parseText(response.getResponseText()): null

2020-02-14 09:55:37 - [TEST_STEP][PASSED] - println(object): null

2020-02-14 09:55:37 - [TEST_STEP][PASSED] - mytest = plans: null

2020-02-14 09:55:37 - [TEST_STEP][PASSED] - variable = mytest: null

2020-02-14 09:55:37 - [MESSAGE][PASSED] - Verify response successfully

2020-02-14 09:55:37 - [MESSAGE][PASSED] - Send request and verify the response successfully

2020-02-14 09:55:37 - [TEST_STEP][PASSED] - setValueToCellByAddress(sheet01, "E" + mycount, variable): null

2020-02-14 09:55:37 - [TEST_STEP][PASSED] - saveWorkbook(excelFile01, workbook01): null]]></system-out>
         <system-err><![CDATA[]]></system-err>
      </testcase>
      <system-out><![CDATA[2020-02-14 09:50:31 - [TEST_SUITE][FAILED] - RUN_Exede_Zip_Test: Test Cases/Test_Beams_by_Zip_to_Excel FAILED.
Reason:
com.kms.katalon.core.exception.StepFailedException: Expected element property value '372' is not equal with actual property value 'null'
	at com.kms.katalon.core.keyword.internal.KeywordMain.stepFailed(KeywordMain.groovy:39)
	at com.kms.katalon.core.webservice.keyword.builtin.VerifyElementPropertyValueKeyword$_verifyElementPropertyValue_closure1.doCall(VerifyElementPropertyValueKeyword.groovy:56)
	at com.kms.katalon.core.webservice.keyword.builtin.VerifyElementPropertyValueKeyword$_verifyElementPropertyValue_closure1.call(VerifyElementPropertyValueKeyword.groovy)
	at com.kms.katalon.core.keyword.internal.KeywordMain.runKeyword(KeywordMain.groovy:68)
	at com.kms.katalon.core.webservice.keyword.builtin.VerifyElementPropertyValueKeyword.verifyElementPropertyValue(VerifyElementPropertyValueKeyword.groovy:48)
	at com.kms.katalon.core.webservice.keyword.builtin.VerifyElementPropertyValueKeyword.execute(VerifyElementPropertyValueKeyword.groovy:43)
	at com.kms.katalon.core.keyword.internal.KeywordExecutor.executeKeywordForPlatform(KeywordExecutor.groovy:72)
	at com.kms.katalon.core.webservice.keyword.WSBuiltInKeywords.verifyElementPropertyValue(WSBuiltInKeywords.groovy:189)
	at com.kms.katalon.core.webservice.keyword.WSBuiltInKeywords$verifyElementPropertyValue$0.call(Unknown Source)
	at WSVerification1581699145453.run(WSVerification1581699145453:16)
	at com.kms.katalon.core.main.ScriptEngine.run(ScriptEngine.java:194)
	at com.kms.katalon.core.main.ScriptEngine.runScriptAsRawText(ScriptEngine.java:119)
	at com.kms.katalon.core.main.WSVerificationExecutor.runScript(WSVerificationExecutor.java:146)
	at com.kms.katalon.core.main.WSVerificationExecutor.doExecute(WSVerificationExecutor.java:140)
	at com.kms.katalon.core.main.WSVerificationExecutor.processExecutionPhase(WSVerificationExecutor.java:123)
	at com.kms.katalon.core.main.WSVerificationExecutor.accessMainPhase(WSVerificationExecutor.java:115)
	at com.kms.katalon.core.main.WSVerificationExecutor.execute(WSVerificationExecutor.java:103)
	at com.kms.katalon.core.main.TestCaseMain.runWSVerificationScript(TestCaseMain.java:127)
	at com.kms.katalon.core.webservice.keyword.builtin.SendRequestAndVerifyKeyword$_sendRequestAndVerify_closure1.doCall(SendRequestAndVerifyKeyword.groovy:55)
	at com.kms.katalon.core.webservice.keyword.builtin.SendRequestAndVerifyKeyword$_sendRequestAndVerify_closure1.call(SendRequestAndVerifyKeyword.groovy)
	at com.kms.katalon.core.keyword.internal.KeywordMain.runKeyword(KeywordMain.groovy:68)
	at com.kms.katalon.core.webservice.keyword.builtin.SendRequestAndVerifyKeyword.sendRequestAndVerify(SendRequestAndVerifyKeyword.groovy:43)
	at com.kms.katalon.core.webservice.keyword.builtin.SendRequestAndVerifyKeyword.execute(SendRequestAndVerifyKeyword.groovy:38)
	at com.kms.katalon.core.keyword.internal.KeywordExecutor.executeKeywordForPlatform(KeywordExecutor.groovy:72)
	at com.kms.katalon.core.webservice.keyword.WSBuiltInKeywords.sendRequestAndVerify(WSBuiltInKeywords.groovy:65)
	at com.kms.katalon.core.webservice.keyword.WSBuiltInKeywords$sendRequestAndVerify.call(Unknown Source)
	at Test_Beams_by_Zip_to_Excel.run(Test_Beams_by_Zip_to_Excel:68)
	at com.kms.katalon.core.main.ScriptEngine.run(ScriptEngine.java:194)
	at com.kms.katalon.core.main.ScriptEngine.runScriptAsRawText(ScriptEngine.java:119)
	at com.kms.katalon.core.main.TestCaseExecutor.runScript(TestCaseExecutor.java:337)
	at com.kms.katalon.core.main.TestCaseExecutor.doExecute(TestCaseExecutor.java:328)
	at com.kms.katalon.core.main.TestCaseExecutor.processExecutionPhase(TestCaseExecutor.java:307)
	at com.kms.katalon.core.main.TestCaseExecutor.accessMainPhase(TestCaseExecutor.java:299)
	at com.kms.katalon.core.main.TestCaseExecutor.execute(TestCaseExecutor.java:233)
	at com.kms.katalon.core.main.TestSuiteExecutor.accessTestCaseMainPhase(TestSuiteExecutor.java:169)
	at com.kms.katalon.core.main.TestSuiteExecutor.accessTestSuiteMainPhase(TestSuiteExecutor.java:142)
	at com.kms.katalon.core.main.TestSuiteExecutor.execute(TestSuiteExecutor.java:91)
	at com.kms.katalon.core.main.TestCaseMain.startTestSuite(TestCaseMain.java:157)
	at com.kms.katalon.core.main.TestCaseMain$startTestSuite$0.call(Unknown Source)
	at TempTestSuite1581699028664.run(TempTestSuite1581699028664.groovy:36)]]></system-out>
      <system-err><![CDATA[2020-02-14 09:50:31 - [TEST_SUITE][FAILED] - RUN_Exede_Zip_Test: Test Cases/Test_Beams_by_Zip_to_Excel FAILED.
Reason:
com.kms.katalon.core.exception.StepFailedException: Expected element property value '372' is not equal with actual property value 'null'
	at com.kms.katalon.core.keyword.internal.KeywordMain.stepFailed(KeywordMain.groovy:39)
	at com.kms.katalon.core.webservice.keyword.builtin.VerifyElementPropertyValueKeyword$_verifyElementPropertyValue_closure1.doCall(VerifyElementPropertyValueKeyword.groovy:56)
	at com.kms.katalon.core.webservice.keyword.builtin.VerifyElementPropertyValueKeyword$_verifyElementPropertyValue_closure1.call(VerifyElementPropertyValueKeyword.groovy)
	at com.kms.katalon.core.keyword.internal.KeywordMain.runKeyword(KeywordMain.groovy:68)
	at com.kms.katalon.core.webservice.keyword.builtin.VerifyElementPropertyValueKeyword.verifyElementPropertyValue(VerifyElementPropertyValueKeyword.groovy:48)
	at com.kms.katalon.core.webservice.keyword.builtin.VerifyElementPropertyValueKeyword.execute(VerifyElementPropertyValueKeyword.groovy:43)
	at com.kms.katalon.core.keyword.internal.KeywordExecutor.executeKeywordForPlatform(KeywordExecutor.groovy:72)
	at com.kms.katalon.core.webservice.keyword.WSBuiltInKeywords.verifyElementPropertyValue(WSBuiltInKeywords.groovy:189)
	at com.kms.katalon.core.webservice.keyword.WSBuiltInKeywords$verifyElementPropertyValue$0.call(Unknown Source)
	at WSVerification1581699145453.run(WSVerification1581699145453:16)
	at com.kms.katalon.core.main.ScriptEngine.run(ScriptEngine.java:194)
	at com.kms.katalon.core.main.ScriptEngine.runScriptAsRawText(ScriptEngine.java:119)
	at com.kms.katalon.core.main.WSVerificationExecutor.runScript(WSVerificationExecutor.java:146)
	at com.kms.katalon.core.main.WSVerificationExecutor.doExecute(WSVerificationExecutor.java:140)
	at com.kms.katalon.core.main.WSVerificationExecutor.processExecutionPhase(WSVerificationExecutor.java:123)
	at com.kms.katalon.core.main.WSVerificationExecutor.accessMainPhase(WSVerificationExecutor.java:115)
	at com.kms.katalon.core.main.WSVerificationExecutor.execute(WSVerificationExecutor.java:103)
	at com.kms.katalon.core.main.TestCaseMain.runWSVerificationScript(TestCaseMain.java:127)
	at com.kms.katalon.core.webservice.keyword.builtin.SendRequestAndVerifyKeyword$_sendRequestAndVerify_closure1.doCall(SendRequestAndVerifyKeyword.groovy:55)
	at com.kms.katalon.core.webservice.keyword.builtin.SendRequestAndVerifyKeyword$_sendRequestAndVerify_closure1.call(SendRequestAndVerifyKeyword.groovy)
	at com.kms.katalon.core.keyword.internal.KeywordMain.runKeyword(KeywordMain.groovy:68)
	at com.kms.katalon.core.webservice.keyword.builtin.SendRequestAndVerifyKeyword.sendRequestAndVerify(SendRequestAndVerifyKeyword.groovy:43)
	at com.kms.katalon.core.webservice.keyword.builtin.SendRequestAndVerifyKeyword.execute(SendRequestAndVerifyKeyword.groovy:38)
	at com.kms.katalon.core.keyword.internal.KeywordExecutor.executeKeywordForPlatform(KeywordExecutor.groovy:72)
	at com.kms.katalon.core.webservice.keyword.WSBuiltInKeywords.sendRequestAndVerify(WSBuiltInKeywords.groovy:65)
	at com.kms.katalon.core.webservice.keyword.WSBuiltInKeywords$sendRequestAndVerify.call(Unknown Source)
	at Test_Beams_by_Zip_to_Excel.run(Test_Beams_by_Zip_to_Excel:68)
	at com.kms.katalon.core.main.ScriptEngine.run(ScriptEngine.java:194)
	at com.kms.katalon.core.main.ScriptEngine.runScriptAsRawText(ScriptEngine.java:119)
	at com.kms.katalon.core.main.TestCaseExecutor.runScript(TestCaseExecutor.java:337)
	at com.kms.katalon.core.main.TestCaseExecutor.doExecute(TestCaseExecutor.java:328)
	at com.kms.katalon.core.main.TestCaseExecutor.processExecutionPhase(TestCaseExecutor.java:307)
	at com.kms.katalon.core.main.TestCaseExecutor.accessMainPhase(TestCaseExecutor.java:299)
	at com.kms.katalon.core.main.TestCaseExecutor.execute(TestCaseExecutor.java:233)
	at com.kms.katalon.core.main.TestSuiteExecutor.accessTestCaseMainPhase(TestSuiteExecutor.java:169)
	at com.kms.katalon.core.main.TestSuiteExecutor.accessTestSuiteMainPhase(TestSuiteExecutor.java:142)
	at com.kms.katalon.core.main.TestSuiteExecutor.execute(TestSuiteExecutor.java:91)
	at com.kms.katalon.core.main.TestCaseMain.startTestSuite(TestCaseMain.java:157)
	at com.kms.katalon.core.main.TestCaseMain$startTestSuite$0.call(Unknown Source)
	at TempTestSuite1581699028664.run(TempTestSuite1581699028664.groovy:36)]]></system-err>
   </testsuite>
</testsuites>
